[0.065s] Invoking command in '/home/ubuntu/recolector_robot/src/build/recolector_ros2': CMAKE_PREFIX_PATH=${CMAKE_PREFIX_PATH}:/opt/ros/humble /usr/bin/cmake /home/ubuntu/recolector_robot/src/recolector_ros2 -DCMAKE_INSTALL_PREFIX=/home/ubuntu/recolector_robot/src/install/recolector_ros2
[0.176s] -- The C compiler identification is GNU 11.4.0
[0.289s] -- The CXX compiler identification is GNU 11.4.0
[0.302s] -- Detecting C compiler ABI info
[0.376s] -- Detecting C compiler ABI info - done
[0.383s] -- Check for working C compiler: /usr/bin/cc - skipped
[0.384s] -- Detecting C compile features
[0.385s] -- Detecting C compile features - done
[0.391s] -- Detecting CXX compiler ABI info
[0.474s] -- Detecting CXX compiler ABI info - done
[0.483s] -- Check for working CXX compiler: /usr/bin/c++ - skipped
[0.483s] -- Detecting CXX compile features
[0.484s] -- Detecting CXX compile features - done
[0.490s] -- Found ament_cmake: 1.3.5 (/opt/ros/humble/share/ament_cmake/cmake)
[0.648s] -- Found Python3: /usr/bin/python3.10 (found version "3.10.12") found components: Interpreter 
[0.752s] -- Found ament_lint_auto: 0.12.8 (/opt/ros/humble/share/ament_lint_auto/cmake)
[0.837s] -- Added test 'flake8' to check Python code syntax and style conventions
[0.838s] -- Added test 'lint_cmake' to check CMake code style
[0.840s] -- Added test 'pep257' to check Python code against some of the docstring style conventions in PEP 257
[0.844s] -- Added test 'xmllint' to check XML markup files
[0.847s] -- Configuring done
[0.855s] -- Generating done
[0.859s] -- Build files have been written to: /home/ubuntu/recolector_robot/src/build/recolector_ros2
[0.860s] Invoked command in '/home/ubuntu/recolector_robot/src/build/recolector_ros2' returned '0': CMAKE_PREFIX_PATH=${CMAKE_PREFIX_PATH}:/opt/ros/humble /usr/bin/cmake /home/ubuntu/recolector_robot/src/recolector_ros2 -DCMAKE_INSTALL_PREFIX=/home/ubuntu/recolector_robot/src/install/recolector_ros2
[0.862s] Invoking command in '/home/ubuntu/recolector_robot/src/build/recolector_ros2': CMAKE_PREFIX_PATH=${CMAKE_PREFIX_PATH}:/opt/ros/humble /usr/bin/cmake --build /home/ubuntu/recolector_robot/src/build/recolector_ros2 -- -j2 -l2
[0.895s] Invoked command in '/home/ubuntu/recolector_robot/src/build/recolector_ros2' returned '0': CMAKE_PREFIX_PATH=${CMAKE_PREFIX_PATH}:/opt/ros/humble /usr/bin/cmake --build /home/ubuntu/recolector_robot/src/build/recolector_ros2 -- -j2 -l2
[0.924s] Invoking command in '/home/ubuntu/recolector_robot/src/build/recolector_ros2': CMAKE_PREFIX_PATH=${CMAKE_PREFIX_PATH}:/opt/ros/humble /usr/bin/cmake --install /home/ubuntu/recolector_robot/src/build/recolector_ros2
[0.931s] -- Install configuration: ""
[0.932s] -- Installing: /home/ubuntu/recolector_robot/src/install/recolector_ros2/share/recolector_ros2/launch
[0.932s] -- Installing: /home/ubuntu/recolector_robot/src/install/recolector_ros2/share/recolector_ros2/launch/display.launch.py
[0.932s] -- Installing: /home/ubuntu/recolector_robot/src/install/recolector_ros2/share/recolector_ros2/launch/rsp.launch.py
[0.933s] -- Installing: /home/ubuntu/recolector_robot/src/install/recolector_ros2/share/recolector_ros2/launch/joystick.launch.py
[0.933s] -- Installing: /home/ubuntu/recolector_robot/src/install/recolector_ros2/share/recolector_ros2/launch/online_async_launch.py
[0.933s] -- Installing: /home/ubuntu/recolector_robot/src/install/recolector_ros2/share/recolector_ros2/launch/launch_sim.launch.py
[0.933s] -- Installing: /home/ubuntu/recolector_robot/src/install/recolector_ros2/share/recolector_ros2/launch/gazebo.launch.py
[0.933s] -- Installing: /home/ubuntu/recolector_robot/src/install/recolector_ros2/share/recolector_ros2/meshes
[0.933s] -- Installing: /home/ubuntu/recolector_robot/src/install/recolector_ros2/share/recolector_ros2/meshes/base_link.STL
[0.942s] -- Installing: /home/ubuntu/recolector_robot/src/install/recolector_ros2/share/recolector_ros2/meshes/rueda_izquiera_link.STL
[0.944s] -- Installing: /home/ubuntu/recolector_robot/src/install/recolector_ros2/share/recolector_ros2/meshes/base_castor_link.STL
[0.945s] -- Installing: /home/ubuntu/recolector_robot/src/install/recolector_ros2/share/recolector_ros2/meshes/rueda_castor_link.STL
[0.947s] -- Installing: /home/ubuntu/recolector_robot/src/install/recolector_ros2/share/recolector_ros2/meshes/rueda_derecha_link.STL
[0.948s] -- Installing: /home/ubuntu/recolector_robot/src/install/recolector_ros2/share/ament_index/resource_index/package_run_dependencies/recolector_ros2
[0.949s] -- Installing: /home/ubuntu/recolector_robot/src/install/recolector_ros2/share/ament_index/resource_index/parent_prefix_path/recolector_ros2
[0.949s] -- Installing: /home/ubuntu/recolector_robot/src/install/recolector_ros2/share/recolector_ros2/environment/ament_prefix_path.sh
[0.949s] -- Installing: /home/ubuntu/recolector_robot/src/install/recolector_ros2/share/recolector_ros2/environment/ament_prefix_path.dsv
[0.949s] -- Installing: /home/ubuntu/recolector_robot/src/install/recolector_ros2/share/recolector_ros2/environment/path.sh
[0.950s] -- Installing: /home/ubuntu/recolector_robot/src/install/recolector_ros2/share/recolector_ros2/environment/path.dsv
[0.950s] -- Installing: /home/ubuntu/recolector_robot/src/install/recolector_ros2/share/recolector_ros2/local_setup.bash
[0.950s] -- Installing: /home/ubuntu/recolector_robot/src/install/recolector_ros2/share/recolector_ros2/local_setup.sh
[0.951s] -- Installing: /home/ubuntu/recolector_robot/src/install/recolector_ros2/share/recolector_ros2/local_setup.zsh
[0.951s] -- Installing: /home/ubuntu/recolector_robot/src/install/recolector_ros2/share/recolector_ros2/local_setup.dsv
[0.951s] -- Installing: /home/ubuntu/recolector_robot/src/install/recolector_ros2/share/recolector_ros2/package.dsv
[0.951s] -- Installing: /home/ubuntu/recolector_robot/src/install/recolector_ros2/share/ament_index/resource_index/packages/recolector_ros2
[0.952s] -- Installing: /home/ubuntu/recolector_robot/src/install/recolector_ros2/share/recolector_ros2/cmake/recolector_ros2Config.cmake
[0.952s] -- Installing: /home/ubuntu/recolector_robot/src/install/recolector_ros2/share/recolector_ros2/cmake/recolector_ros2Config-version.cmake
[0.952s] -- Installing: /home/ubuntu/recolector_robot/src/install/recolector_ros2/share/recolector_ros2/package.xml
[0.954s] Invoked command in '/home/ubuntu/recolector_robot/src/build/recolector_ros2' returned '0': CMAKE_PREFIX_PATH=${CMAKE_PREFIX_PATH}:/opt/ros/humble /usr/bin/cmake --install /home/ubuntu/recolector_robot/src/build/recolector_ros2
