[1.030s] Invoking command in '/home/ubuntu/recolector_robot/src/ball_tracker': PYTHONPATH=/home/ubuntu/recolector_robot/build/ball_tracker/prefix_override:/home/ubuntu/recolector_robot/install/ball_tracker/lib/python3.10/site-packages:${PYTHONPATH} /usr/bin/python3 setup.py egg_info --egg-base ../../build/ball_tracker build --build-base /home/ubuntu/recolector_robot/build/ball_tracker/build install --record /home/ubuntu/recolector_robot/build/ball_tracker/install.log --install-scripts $base/lib/ball_tracker --single-version-externally-managed
[1.251s] /usr/lib/python3/dist-packages/setuptools/dist.py:723: UserWarning: Usage of dash-separated 'script-dir' will not be supported in future versions. Please use the underscore name 'script_dir' instead
[1.252s]   warnings.warn(
[1.258s] running egg_info
[1.259s] writing ../../build/ball_tracker/ball_tracker.egg-info/PKG-INFO
[1.260s] writing dependency_links to ../../build/ball_tracker/ball_tracker.egg-info/dependency_links.txt
[1.260s] writing entry points to ../../build/ball_tracker/ball_tracker.egg-info/entry_points.txt
[1.260s] writing requirements to ../../build/ball_tracker/ball_tracker.egg-info/requires.txt
[1.260s] writing top-level names to ../../build/ball_tracker/ball_tracker.egg-info/top_level.txt
[1.264s] reading manifest file '../../build/ball_tracker/ball_tracker.egg-info/SOURCES.txt'
[1.265s] writing manifest file '../../build/ball_tracker/ball_tracker.egg-info/SOURCES.txt'
[1.265s] running build
[1.265s] running build_py
[1.267s] copying ball_tracker/detect_ball.py -> /home/ubuntu/recolector_robot/build/ball_tracker/build/lib/ball_tracker
[1.267s] copying ball_tracker/follow_ball.py -> /home/ubuntu/recolector_robot/build/ball_tracker/build/lib/ball_tracker
[1.268s] copying ball_tracker/detect_ball_3d.py -> /home/ubuntu/recolector_robot/build/ball_tracker/build/lib/ball_tracker
[1.268s] copying ball_tracker/process_image.py -> /home/ubuntu/recolector_robot/build/ball_tracker/build/lib/ball_tracker
[1.269s] running install
[1.269s] /usr/lib/python3/dist-packages/setuptools/command/install.py:34: SetuptoolsDeprecationWarning: setup.py install is deprecated. Use build and pip and other standards-based tools.
[1.269s]   warnings.warn(
[1.270s] running install_lib
[1.271s] copying /home/ubuntu/recolector_robot/build/ball_tracker/build/lib/ball_tracker/detect_ball.py -> /home/ubuntu/recolector_robot/install/ball_tracker/lib/python3.10/site-packages/ball_tracker
[1.271s] copying /home/ubuntu/recolector_robot/build/ball_tracker/build/lib/ball_tracker/follow_ball.py -> /home/ubuntu/recolector_robot/install/ball_tracker/lib/python3.10/site-packages/ball_tracker
[1.271s] copying /home/ubuntu/recolector_robot/build/ball_tracker/build/lib/ball_tracker/detect_ball_3d.py -> /home/ubuntu/recolector_robot/install/ball_tracker/lib/python3.10/site-packages/ball_tracker
[1.271s] copying /home/ubuntu/recolector_robot/build/ball_tracker/build/lib/ball_tracker/process_image.py -> /home/ubuntu/recolector_robot/install/ball_tracker/lib/python3.10/site-packages/ball_tracker
[1.272s] byte-compiling /home/ubuntu/recolector_robot/install/ball_tracker/lib/python3.10/site-packages/ball_tracker/detect_ball.py to detect_ball.cpython-310.pyc
[1.273s] byte-compiling /home/ubuntu/recolector_robot/install/ball_tracker/lib/python3.10/site-packages/ball_tracker/follow_ball.py to follow_ball.cpython-310.pyc
[1.273s] byte-compiling /home/ubuntu/recolector_robot/install/ball_tracker/lib/python3.10/site-packages/ball_tracker/detect_ball_3d.py to detect_ball_3d.cpython-310.pyc
[1.274s] byte-compiling /home/ubuntu/recolector_robot/install/ball_tracker/lib/python3.10/site-packages/ball_tracker/process_image.py to process_image.cpython-310.pyc
[1.275s] running install_data
[1.277s] running install_egg_info
[1.279s] removing '/home/ubuntu/recolector_robot/install/ball_tracker/lib/python3.10/site-packages/ball_tracker-0.0.0-py3.10.egg-info' (and everything under it)
[1.279s] Copying ../../build/ball_tracker/ball_tracker.egg-info to /home/ubuntu/recolector_robot/install/ball_tracker/lib/python3.10/site-packages/ball_tracker-0.0.0-py3.10.egg-info
[1.280s] running install_scripts
[1.299s] Installing detect_ball script to /home/ubuntu/recolector_robot/install/ball_tracker/lib/ball_tracker
[1.300s] Installing detect_ball_3d script to /home/ubuntu/recolector_robot/install/ball_tracker/lib/ball_tracker
[1.301s] Installing follow_ball script to /home/ubuntu/recolector_robot/install/ball_tracker/lib/ball_tracker
[1.301s] writing list of installed files to '/home/ubuntu/recolector_robot/build/ball_tracker/install.log'
[1.322s] Invoked command in '/home/ubuntu/recolector_robot/src/ball_tracker' returned '0': PYTHONPATH=/home/ubuntu/recolector_robot/build/ball_tracker/prefix_override:/home/ubuntu/recolector_robot/install/ball_tracker/lib/python3.10/site-packages:${PYTHONPATH} /usr/bin/python3 setup.py egg_info --egg-base ../../build/ball_tracker build --build-base /home/ubuntu/recolector_robot/build/ball_tracker/build install --record /home/ubuntu/recolector_robot/build/ball_tracker/install.log --install-scripts $base/lib/ball_tracker --single-version-externally-managed
