[1.399s] DEBUG:colcon:Command line arguments: ['/usr/bin/colcon', 'build', '--symlink-install']
[1.399s] DEBUG:colcon:Parsed command line arguments: Namespace(log_base=None, log_level=None, verb_name='build', build_base='build', install_base='install', merge_install=False, symlink_install=True, test_result_base=None, continue_on_error=False, executor='parallel', parallel_workers=2, event_handlers=None, ignore_user_meta=False, metas=['./colcon.meta'], base_paths=['.'], packages_ignore=None, packages_ignore_regex=None, paths=None, packages_up_to=None, packages_up_to_regex=None, packages_above=None, packages_above_and_dependencies=None, packages_above_depth=None, packages_select_by_dep=None, packages_skip_by_dep=None, packages_skip_up_to=None, packages_select_build_failed=False, packages_skip_build_finished=False, packages_select_test_failures=False, packages_skip_test_passed=False, packages_select=None, packages_skip=None, packages_select_regex=None, packages_skip_regex=None, packages_start=None, packages_end=None, allow_overriding=[], cmake_args=None, cmake_target=None, cmake_target_skip_unavailable=False, cmake_clean_cache=False, cmake_clean_first=False, cmake_force_configure=False, ament_cmake_args=None, catkin_cmake_args=None, catkin_skip_building_tests=False, verb_parser=<colcon_defaults.argument_parser.defaults.DefaultArgumentsDecorator object at 0x7f1e5af29510>, verb_extension=<colcon_core.verb.build.BuildVerb object at 0x7f1e5af63e50>, main=<bound method BuildVerb.main of <colcon_core.verb.build.BuildVerb object at 0x7f1e5af63e50>>)
[1.471s] Level 1:colcon.colcon_core.package_discovery:discover_packages(colcon_meta) check parameters
[1.472s] Level 1:colcon.colcon_core.package_discovery:discover_packages(recursive) check parameters
[1.472s] Level 1:colcon.colcon_core.package_discovery:discover_packages(ignore) check parameters
[1.472s] Level 1:colcon.colcon_core.package_discovery:discover_packages(path) check parameters
[1.472s] Level 1:colcon.colcon_core.package_discovery:discover_packages(colcon_meta) discover
[1.472s] Level 1:colcon.colcon_core.package_discovery:discover_packages(recursive) discover
[1.472s] INFO:colcon.colcon_core.package_discovery:Crawling recursively for packages in '/home/ubuntu/recolector_robot'
[1.472s] Level 1:colcon.colcon_core.package_identification:_identify(.) by extensions ['ignore', 'ignore_ament_install']
[1.472s] Level 1:colcon.colcon_core.package_identification:_identify(.) by extension 'ignore'
[1.472s] Level 1:colcon.colcon_core.package_identification:_identify(.) by extension 'ignore_ament_install'
[1.472s] Level 1:colcon.colcon_core.package_identification:_identify(.) by extensions ['colcon_pkg']
[1.472s] Level 1:colcon.colcon_core.package_identification:_identify(.) by extension 'colcon_pkg'
[1.472s] Level 1:colcon.colcon_core.package_identification:_identify(.) by extensions ['colcon_meta']
[1.472s] Level 1:colcon.colcon_core.package_identification:_identify(.) by extension 'colcon_meta'
[1.472s] Level 1:colcon.colcon_core.package_identification:_identify(.) by extensions ['ros']
[1.472s] Level 1:colcon.colcon_core.package_identification:_identify(.) by extension 'ros'
[1.490s] Level 1:colcon.colcon_core.package_identification:_identify(.) by extensions ['cmake', 'python']
[1.490s] Level 1:colcon.colcon_core.package_identification:_identify(.) by extension 'cmake'
[1.491s] Level 1:colcon.colcon_core.package_identification:_identify(.) by extension 'python'
[1.491s] Level 1:colcon.colcon_core.package_identification:_identify(.) by extensions ['python_setup_py']
[1.491s] Level 1:colcon.colcon_core.package_identification:_identify(.) by extension 'python_setup_py'
[1.491s] Level 1:colcon.colcon_core.package_identification:_identify(build) by extensions ['ignore', 'ignore_ament_install']
[1.491s] Level 1:colcon.colcon_core.package_identification:_identify(build) by extension 'ignore'
[1.491s] Level 1:colcon.colcon_core.package_identification:_identify(build) ignored
[1.491s] Level 1:colcon.colcon_core.package_identification:_identify(install) by extensions ['ignore', 'ignore_ament_install']
[1.491s] Level 1:colcon.colcon_core.package_identification:_identify(install) by extension 'ignore'
[1.491s] Level 1:colcon.colcon_core.package_identification:_identify(install) ignored
[1.491s] Level 1:colcon.colcon_core.package_identification:_identify(log) by extensions ['ignore', 'ignore_ament_install']
[1.491s] Level 1:colcon.colcon_core.package_identification:_identify(log) by extension 'ignore'
[1.491s] Level 1:colcon.colcon_core.package_identification:_identify(log) ignored
[1.492s] Level 1:colcon.colcon_core.package_identification:_identify(paredes) by extensions ['ignore', 'ignore_ament_install']
[1.493s] Level 1:colcon.colcon_core.package_identification:_identify(paredes) by extension 'ignore'
[1.493s] Level 1:colcon.colcon_core.package_identification:_identify(paredes) by extension 'ignore_ament_install'
[1.493s] Level 1:colcon.colcon_core.package_identification:_identify(paredes) by extensions ['colcon_pkg']
[1.493s] Level 1:colcon.colcon_core.package_identification:_identify(paredes) by extension 'colcon_pkg'
[1.493s] Level 1:colcon.colcon_core.package_identification:_identify(paredes) by extensions ['colcon_meta']
[1.493s] Level 1:colcon.colcon_core.package_identification:_identify(paredes) by extension 'colcon_meta'
[1.493s] Level 1:colcon.colcon_core.package_identification:_identify(paredes) by extensions ['ros']
[1.493s] Level 1:colcon.colcon_core.package_identification:_identify(paredes) by extension 'ros'
[1.493s] Level 1:colcon.colcon_core.package_identification:_identify(paredes) by extensions ['cmake', 'python']
[1.493s] Level 1:colcon.colcon_core.package_identification:_identify(paredes) by extension 'cmake'
[1.493s] Level 1:colcon.colcon_core.package_identification:_identify(paredes) by extension 'python'
[1.493s] Level 1:colcon.colcon_core.package_identification:_identify(paredes) by extensions ['python_setup_py']
[1.493s] Level 1:colcon.colcon_core.package_identification:_identify(paredes) by extension 'python_setup_py'
[1.493s] Level 1:colcon.colcon_core.package_identification:_identify(src) by extensions ['ignore', 'ignore_ament_install']
[1.493s] Level 1:colcon.colcon_core.package_identification:_identify(src) by extension 'ignore'
[1.494s] Level 1:colcon.colcon_core.package_identification:_identify(src) by extension 'ignore_ament_install'
[1.494s] Level 1:colcon.colcon_core.package_identification:_identify(src) by extensions ['colcon_pkg']
[1.494s] Level 1:colcon.colcon_core.package_identification:_identify(src) by extension 'colcon_pkg'
[1.494s] Level 1:colcon.colcon_core.package_identification:_identify(src) by extensions ['colcon_meta']
[1.494s] Level 1:colcon.colcon_core.package_identification:_identify(src) by extension 'colcon_meta'
[1.494s] Level 1:colcon.colcon_core.package_identification:_identify(src) by extensions ['ros']
[1.494s] Level 1:colcon.colcon_core.package_identification:_identify(src) by extension 'ros'
[1.494s] Level 1:colcon.colcon_core.package_identification:_identify(src) by extensions ['cmake', 'python']
[1.494s] Level 1:colcon.colcon_core.package_identification:_identify(src) by extension 'cmake'
[1.494s] Level 1:colcon.colcon_core.package_identification:_identify(src) by extension 'python'
[1.494s] Level 1:colcon.colcon_core.package_identification:_identify(src) by extensions ['python_setup_py']
[1.494s] Level 1:colcon.colcon_core.package_identification:_identify(src) by extension 'python_setup_py'
[1.494s] Level 1:colcon.colcon_core.package_identification:_identify(src/recolector_ros2) by extensions ['ignore', 'ignore_ament_install']
[1.495s] Level 1:colcon.colcon_core.package_identification:_identify(src/recolector_ros2) by extension 'ignore'
[1.495s] Level 1:colcon.colcon_core.package_identification:_identify(src/recolector_ros2) by extension 'ignore_ament_install'
[1.495s] Level 1:colcon.colcon_core.package_identification:_identify(src/recolector_ros2) by extensions ['colcon_pkg']
[1.495s] Level 1:colcon.colcon_core.package_identification:_identify(src/recolector_ros2) by extension 'colcon_pkg'
[1.495s] Level 1:colcon.colcon_core.package_identification:_identify(src/recolector_ros2) by extensions ['colcon_meta']
[1.495s] Level 1:colcon.colcon_core.package_identification:_identify(src/recolector_ros2) by extension 'colcon_meta'
[1.495s] Level 1:colcon.colcon_core.package_identification:_identify(src/recolector_ros2) by extensions ['ros']
[1.495s] Level 1:colcon.colcon_core.package_identification:_identify(src/recolector_ros2) by extension 'ros'
[1.498s] DEBUG:colcon.colcon_core.package_identification:Package 'src/recolector_ros2' with type 'ros.ament_cmake' and name 'recolector_ros2'
[1.498s] Level 1:colcon.colcon_core.package_discovery:discover_packages(recursive) using defaults
[1.498s] Level 1:colcon.colcon_core.package_discovery:discover_packages(ignore) discover
[1.498s] Level 1:colcon.colcon_core.package_discovery:discover_packages(ignore) using defaults
[1.498s] Level 1:colcon.colcon_core.package_discovery:discover_packages(path) discover
[1.498s] Level 1:colcon.colcon_core.package_discovery:discover_packages(path) using defaults
[1.610s] Level 1:colcon.colcon_core.package_discovery:discover_packages(prefix_path) check parameters
[1.610s] Level 1:colcon.colcon_core.package_discovery:discover_packages(prefix_path) discover
[1.646s] DEBUG:colcon.colcon_installed_package_information.package_discovery:Found 393 installed packages in /opt/ros/humble
[1.648s] Level 1:colcon.colcon_core.package_discovery:discover_packages(prefix_path) using defaults
[1.778s] Level 5:colcon.colcon_core.verb:set package 'recolector_ros2' build argument 'cmake_args' from command line to 'None'
[1.778s] Level 5:colcon.colcon_core.verb:set package 'recolector_ros2' build argument 'cmake_target' from command line to 'None'
[1.778s] Level 5:colcon.colcon_core.verb:set package 'recolector_ros2' build argument 'cmake_target_skip_unavailable' from command line to 'False'
[1.778s] Level 5:colcon.colcon_core.verb:set package 'recolector_ros2' build argument 'cmake_clean_cache' from command line to 'False'
[1.778s] Level 5:colcon.colcon_core.verb:set package 'recolector_ros2' build argument 'cmake_clean_first' from command line to 'False'
[1.778s] Level 5:colcon.colcon_core.verb:set package 'recolector_ros2' build argument 'cmake_force_configure' from command line to 'False'
[1.778s] Level 5:colcon.colcon_core.verb:set package 'recolector_ros2' build argument 'ament_cmake_args' from command line to 'None'
[1.778s] Level 5:colcon.colcon_core.verb:set package 'recolector_ros2' build argument 'catkin_cmake_args' from command line to 'None'
[1.778s] Level 5:colcon.colcon_core.verb:set package 'recolector_ros2' build argument 'catkin_skip_building_tests' from command line to 'False'
[1.778s] DEBUG:colcon.colcon_core.verb:Building package 'recolector_ros2' with the following arguments: {'ament_cmake_args': None, 'build_base': '/home/ubuntu/recolector_robot/build/recolector_ros2', 'catkin_cmake_args': None, 'catkin_skip_building_tests': False, 'cmake_args': None, 'cmake_clean_cache': False, 'cmake_clean_first': False, 'cmake_force_configure': False, 'cmake_target': None, 'cmake_target_skip_unavailable': False, 'install_base': '/home/ubuntu/recolector_robot/install/recolector_ros2', 'merge_install': False, 'path': '/home/ubuntu/recolector_robot/src/recolector_ros2', 'symlink_install': True, 'test_result_base': None}
[1.796s] INFO:colcon.colcon_core.executor:Executing jobs using 'parallel' executor
[1.811s] DEBUG:colcon.colcon_parallel_executor.executor.parallel:run_until_complete
[1.811s] INFO:colcon.colcon_ros.task.ament_cmake.build:Building ROS package in '/home/ubuntu/recolector_robot/src/recolector_ros2' with build type 'ament_cmake'
[1.811s] INFO:colcon.colcon_cmake.task.cmake.build:Building CMake package in '/home/ubuntu/recolector_robot/src/recolector_ros2'
[1.841s] INFO:colcon.colcon_core.plugin_system:Skipping extension 'colcon_core.shell.bat': Not used on non-Windows systems
[1.841s] INFO:colcon.colcon_core.shell:Skip shell extension 'powershell' for command environment: Not usable outside of PowerShell
[1.842s] DEBUG:colcon.colcon_core.shell:Skip shell extension 'dsv' for command environment
[1.890s] DEBUG:colcon.colcon_core.event_handler.log_command:Invoking command in '/home/ubuntu/recolector_robot/build/recolector_ros2': CMAKE_PREFIX_PATH=/opt/ros/humble /usr/bin/cmake --build /home/ubuntu/recolector_robot/build/recolector_ros2 -- -j2 -l2
[1.991s] DEBUG:colcon.colcon_core.event_handler.log_command:Invoked command in '/home/ubuntu/recolector_robot/build/recolector_ros2' returned '0': CMAKE_PREFIX_PATH=/opt/ros/humble /usr/bin/cmake --build /home/ubuntu/recolector_robot/build/recolector_ros2 -- -j2 -l2
[2.031s] DEBUG:colcon.colcon_core.event_handler.log_command:Invoking command in '/home/ubuntu/recolector_robot/build/recolector_ros2': CMAKE_PREFIX_PATH=/opt/ros/humble /usr/bin/cmake --install /home/ubuntu/recolector_robot/build/recolector_ros2
[2.079s] Level 1:colcon.colcon_core.environment:create_environment_scripts_only(recolector_ros2)
[2.080s] DEBUG:colcon.colcon_core.event_handler.log_command:Invoked command in '/home/ubuntu/recolector_robot/build/recolector_ros2' returned '0': CMAKE_PREFIX_PATH=/opt/ros/humble /usr/bin/cmake --install /home/ubuntu/recolector_robot/build/recolector_ros2
[2.105s] Level 1:colcon.colcon_core.environment:checking '/home/ubuntu/recolector_robot/install/recolector_ros2' for CMake module files
[2.106s] Level 1:colcon.colcon_core.environment:checking '/home/ubuntu/recolector_robot/install/recolector_ros2' for CMake config files
[2.107s] Level 1:colcon.colcon_core.shell:create_environment_hook('recolector_ros2', 'cmake_prefix_path')
[2.123s] INFO:colcon.colcon_core.shell:Creating environment hook '/home/ubuntu/recolector_robot/install/recolector_ros2/share/recolector_ros2/hook/cmake_prefix_path.ps1'
[2.125s] INFO:colcon.colcon_core.shell:Creating environment descriptor '/home/ubuntu/recolector_robot/install/recolector_ros2/share/recolector_ros2/hook/cmake_prefix_path.dsv'
[2.125s] INFO:colcon.colcon_core.shell:Creating environment hook '/home/ubuntu/recolector_robot/install/recolector_ros2/share/recolector_ros2/hook/cmake_prefix_path.sh'
[2.127s] Level 1:colcon.colcon_core.environment:checking '/home/ubuntu/recolector_robot/install/recolector_ros2/lib'
[2.127s] Level 1:colcon.colcon_core.environment:checking '/home/ubuntu/recolector_robot/install/recolector_ros2/bin'
[2.127s] Level 1:colcon.colcon_core.environment:checking '/home/ubuntu/recolector_robot/install/recolector_ros2/lib/pkgconfig/recolector_ros2.pc'
[2.127s] Level 1:colcon.colcon_core.environment:checking '/home/ubuntu/recolector_robot/install/recolector_ros2/lib/python3.10/site-packages'
[2.127s] Level 1:colcon.colcon_core.shell:create_environment_hook('recolector_ros2', 'pythonpath')
[2.143s] INFO:colcon.colcon_core.shell:Creating environment hook '/home/ubuntu/recolector_robot/install/recolector_ros2/share/recolector_ros2/hook/pythonpath.ps1'
[2.144s] INFO:colcon.colcon_core.shell:Creating environment descriptor '/home/ubuntu/recolector_robot/install/recolector_ros2/share/recolector_ros2/hook/pythonpath.dsv'
[2.144s] INFO:colcon.colcon_core.shell:Creating environment hook '/home/ubuntu/recolector_robot/install/recolector_ros2/share/recolector_ros2/hook/pythonpath.sh'
[2.145s] Level 1:colcon.colcon_core.environment:checking '/home/ubuntu/recolector_robot/install/recolector_ros2/bin'
[2.166s] INFO:colcon.colcon_core.shell:Creating package script '/home/ubuntu/recolector_robot/install/recolector_ros2/share/recolector_ros2/package.ps1'
[2.167s] INFO:colcon.colcon_core.shell:Creating package descriptor '/home/ubuntu/recolector_robot/install/recolector_ros2/share/recolector_ros2/package.dsv'
[2.168s] INFO:colcon.colcon_core.shell:Creating package script '/home/ubuntu/recolector_robot/install/recolector_ros2/share/recolector_ros2/package.sh'
[2.169s] INFO:colcon.colcon_core.shell:Creating package script '/home/ubuntu/recolector_robot/install/recolector_ros2/share/recolector_ros2/package.bash'
[2.171s] INFO:colcon.colcon_core.shell:Creating package script '/home/ubuntu/recolector_robot/install/recolector_ros2/share/recolector_ros2/package.zsh'
[2.172s] Level 1:colcon.colcon_core.environment:create_file_with_runtime_dependencies(/home/ubuntu/recolector_robot/install/recolector_ros2/share/colcon-core/packages/recolector_ros2)
[2.208s] Level 1:colcon.colcon_core.environment:create_environment_scripts_only(recolector_ros2)
[2.223s] Level 1:colcon.colcon_core.environment:checking '/home/ubuntu/recolector_robot/install/recolector_ros2' for CMake module files
[2.224s] Level 1:colcon.colcon_core.environment:checking '/home/ubuntu/recolector_robot/install/recolector_ros2' for CMake config files
[2.224s] Level 1:colcon.colcon_core.shell:create_environment_hook('recolector_ros2', 'cmake_prefix_path')
[2.239s] INFO:colcon.colcon_core.shell:Creating environment hook '/home/ubuntu/recolector_robot/install/recolector_ros2/share/recolector_ros2/hook/cmake_prefix_path.ps1'
[2.240s] INFO:colcon.colcon_core.shell:Creating environment descriptor '/home/ubuntu/recolector_robot/install/recolector_ros2/share/recolector_ros2/hook/cmake_prefix_path.dsv'
[2.241s] INFO:colcon.colcon_core.shell:Creating environment hook '/home/ubuntu/recolector_robot/install/recolector_ros2/share/recolector_ros2/hook/cmake_prefix_path.sh'
[2.242s] Level 1:colcon.colcon_core.environment:checking '/home/ubuntu/recolector_robot/install/recolector_ros2/lib'
[2.243s] Level 1:colcon.colcon_core.environment:checking '/home/ubuntu/recolector_robot/install/recolector_ros2/bin'
[2.243s] Level 1:colcon.colcon_core.environment:checking '/home/ubuntu/recolector_robot/install/recolector_ros2/lib/pkgconfig/recolector_ros2.pc'
[2.243s] Level 1:colcon.colcon_core.environment:checking '/home/ubuntu/recolector_robot/install/recolector_ros2/lib/python3.10/site-packages'
[2.243s] Level 1:colcon.colcon_core.shell:create_environment_hook('recolector_ros2', 'pythonpath')
[2.260s] INFO:colcon.colcon_core.shell:Creating environment hook '/home/ubuntu/recolector_robot/install/recolector_ros2/share/recolector_ros2/hook/pythonpath.ps1'
[2.261s] INFO:colcon.colcon_core.shell:Creating environment descriptor '/home/ubuntu/recolector_robot/install/recolector_ros2/share/recolector_ros2/hook/pythonpath.dsv'
[2.261s] INFO:colcon.colcon_core.shell:Creating environment hook '/home/ubuntu/recolector_robot/install/recolector_ros2/share/recolector_ros2/hook/pythonpath.sh'
[2.261s] Level 1:colcon.colcon_core.environment:checking '/home/ubuntu/recolector_robot/install/recolector_ros2/bin'
[2.279s] INFO:colcon.colcon_core.shell:Creating package script '/home/ubuntu/recolector_robot/install/recolector_ros2/share/recolector_ros2/package.ps1'
[2.280s] INFO:colcon.colcon_core.shell:Creating package descriptor '/home/ubuntu/recolector_robot/install/recolector_ros2/share/recolector_ros2/package.dsv'
[2.281s] INFO:colcon.colcon_core.shell:Creating package script '/home/ubuntu/recolector_robot/install/recolector_ros2/share/recolector_ros2/package.sh'
[2.281s] INFO:colcon.colcon_core.shell:Creating package script '/home/ubuntu/recolector_robot/install/recolector_ros2/share/recolector_ros2/package.bash'
[2.282s] INFO:colcon.colcon_core.shell:Creating package script '/home/ubuntu/recolector_robot/install/recolector_ros2/share/recolector_ros2/package.zsh'
[2.282s] Level 1:colcon.colcon_core.environment:create_file_with_runtime_dependencies(/home/ubuntu/recolector_robot/install/recolector_ros2/share/colcon-core/packages/recolector_ros2)
[2.283s] DEBUG:colcon.colcon_parallel_executor.executor.parallel:closing loop
[2.283s] DEBUG:colcon.colcon_parallel_executor.executor.parallel:loop closed
[2.284s] DEBUG:colcon.colcon_parallel_executor.executor.parallel:run_until_complete finished with '0'
[2.284s] DEBUG:colcon.colcon_core.event_reactor:joining thread
[2.322s] INFO:colcon.colcon_core.plugin_system:Skipping extension 'colcon_notification.desktop_notification.terminal_notifier': Not used on non-Darwin systems
[2.323s] INFO:colcon.colcon_core.plugin_system:Skipping extension 'colcon_notification.desktop_notification.win32': Not used on non-Windows systems
[2.323s] INFO:colcon.colcon_notification.desktop_notification:Sending desktop notification using 'notify2'
[2.360s] DEBUG:colcon.colcon_core.event_reactor:joined thread
[2.385s] INFO:colcon.colcon_core.shell:Creating prefix script '/home/ubuntu/recolector_robot/install/local_setup.ps1'
[2.392s] INFO:colcon.colcon_core.shell:Creating prefix util module '/home/ubuntu/recolector_robot/install/_local_setup_util_ps1.py'
[2.393s] INFO:colcon.colcon_core.shell:Creating prefix chain script '/home/ubuntu/recolector_robot/install/setup.ps1'
[2.412s] INFO:colcon.colcon_core.shell:Creating prefix script '/home/ubuntu/recolector_robot/install/local_setup.sh'
[2.416s] INFO:colcon.colcon_core.shell:Creating prefix util module '/home/ubuntu/recolector_robot/install/_local_setup_util_sh.py'
[2.416s] INFO:colcon.colcon_core.shell:Creating prefix chain script '/home/ubuntu/recolector_robot/install/setup.sh'
[2.444s] INFO:colcon.colcon_core.shell:Creating prefix script '/home/ubuntu/recolector_robot/install/local_setup.bash'
[2.445s] INFO:colcon.colcon_core.shell:Creating prefix chain script '/home/ubuntu/recolector_robot/install/setup.bash'
[2.463s] INFO:colcon.colcon_core.shell:Creating prefix script '/home/ubuntu/recolector_robot/install/local_setup.zsh'
[2.465s] INFO:colcon.colcon_core.shell:Creating prefix chain script '/home/ubuntu/recolector_robot/install/setup.zsh'
