[1.011s] DEBUG:colcon:Command line arguments: ['/usr/bin/colcon', 'build', '--symlink-install']
[1.011s] DEBUG:colcon:Parsed command line arguments: Namespace(log_base=None, log_level=None, verb_name='build', build_base='build', install_base='install', merge_install=False, symlink_install=True, test_result_base=None, continue_on_error=False, executor='parallel', parallel_workers=2, event_handlers=None, ignore_user_meta=False, metas=['./colcon.meta'], base_paths=['.'], packages_ignore=None, packages_ignore_regex=None, paths=None, packages_up_to=None, packages_up_to_regex=None, packages_above=None, packages_above_and_dependencies=None, packages_above_depth=None, packages_select_by_dep=None, packages_skip_by_dep=None, packages_skip_up_to=None, packages_select_build_failed=False, packages_skip_build_finished=False, packages_select_test_failures=False, packages_skip_test_passed=False, packages_select=None, packages_skip=None, packages_select_regex=None, packages_skip_regex=None, packages_start=None, packages_end=None, allow_overriding=[], cmake_args=None, cmake_target=None, cmake_target_skip_unavailable=False, cmake_clean_cache=False, cmake_clean_first=False, cmake_force_configure=False, ament_cmake_args=None, catkin_cmake_args=None, catkin_skip_building_tests=False, verb_parser=<colcon_defaults.argument_parser.defaults.DefaultArgumentsDecorator object at 0x7fed8b10a920>, verb_extension=<colcon_core.verb.build.BuildVerb object at 0x7fed8b1602e0>, main=<bound method BuildVerb.main of <colcon_core.verb.build.BuildVerb object at 0x7fed8b1602e0>>)
[1.059s] Level 1:colcon.colcon_core.package_discovery:discover_packages(colcon_meta) check parameters
[1.060s] Level 1:colcon.colcon_core.package_discovery:discover_packages(recursive) check parameters
[1.060s] Level 1:colcon.colcon_core.package_discovery:discover_packages(ignore) check parameters
[1.060s] Level 1:colcon.colcon_core.package_discovery:discover_packages(path) check parameters
[1.060s] Level 1:colcon.colcon_core.package_discovery:discover_packages(colcon_meta) discover
[1.060s] Level 1:colcon.colcon_core.package_discovery:discover_packages(recursive) discover
[1.060s] INFO:colcon.colcon_core.package_discovery:Crawling recursively for packages in '/home/ubuntu/recolector_robot'
[1.060s] Level 1:colcon.colcon_core.package_identification:_identify(.) by extensions ['ignore', 'ignore_ament_install']
[1.061s] Level 1:colcon.colcon_core.package_identification:_identify(.) by extension 'ignore'
[1.061s] Level 1:colcon.colcon_core.package_identification:_identify(.) by extension 'ignore_ament_install'
[1.061s] Level 1:colcon.colcon_core.package_identification:_identify(.) by extensions ['colcon_pkg']
[1.061s] Level 1:colcon.colcon_core.package_identification:_identify(.) by extension 'colcon_pkg'
[1.061s] Level 1:colcon.colcon_core.package_identification:_identify(.) by extensions ['colcon_meta']
[1.061s] Level 1:colcon.colcon_core.package_identification:_identify(.) by extension 'colcon_meta'
[1.061s] Level 1:colcon.colcon_core.package_identification:_identify(.) by extensions ['ros']
[1.061s] Level 1:colcon.colcon_core.package_identification:_identify(.) by extension 'ros'
[1.071s] Level 1:colcon.colcon_core.package_identification:_identify(.) by extensions ['cmake', 'python']
[1.071s] Level 1:colcon.colcon_core.package_identification:_identify(.) by extension 'cmake'
[1.072s] Level 1:colcon.colcon_core.package_identification:_identify(.) by extension 'python'
[1.072s] Level 1:colcon.colcon_core.package_identification:_identify(.) by extensions ['python_setup_py']
[1.072s] Level 1:colcon.colcon_core.package_identification:_identify(.) by extension 'python_setup_py'
[1.072s] Level 1:colcon.colcon_core.package_identification:_identify(build) by extensions ['ignore', 'ignore_ament_install']
[1.072s] Level 1:colcon.colcon_core.package_identification:_identify(build) by extension 'ignore'
[1.072s] Level 1:colcon.colcon_core.package_identification:_identify(build) ignored
[1.072s] Level 1:colcon.colcon_core.package_identification:_identify(install) by extensions ['ignore', 'ignore_ament_install']
[1.072s] Level 1:colcon.colcon_core.package_identification:_identify(install) by extension 'ignore'
[1.072s] Level 1:colcon.colcon_core.package_identification:_identify(install) ignored
[1.072s] Level 1:colcon.colcon_core.package_identification:_identify(log) by extensions ['ignore', 'ignore_ament_install']
[1.073s] Level 1:colcon.colcon_core.package_identification:_identify(log) by extension 'ignore'
[1.073s] Level 1:colcon.colcon_core.package_identification:_identify(log) ignored
[1.073s] Level 1:colcon.colcon_core.package_identification:_identify(paredes) by extensions ['ignore', 'ignore_ament_install']
[1.073s] Level 1:colcon.colcon_core.package_identification:_identify(paredes) by extension 'ignore'
[1.073s] Level 1:colcon.colcon_core.package_identification:_identify(paredes) by extension 'ignore_ament_install'
[1.073s] Level 1:colcon.colcon_core.package_identification:_identify(paredes) by extensions ['colcon_pkg']
[1.073s] Level 1:colcon.colcon_core.package_identification:_identify(paredes) by extension 'colcon_pkg'
[1.073s] Level 1:colcon.colcon_core.package_identification:_identify(paredes) by extensions ['colcon_meta']
[1.073s] Level 1:colcon.colcon_core.package_identification:_identify(paredes) by extension 'colcon_meta'
[1.073s] Level 1:colcon.colcon_core.package_identification:_identify(paredes) by extensions ['ros']
[1.073s] Level 1:colcon.colcon_core.package_identification:_identify(paredes) by extension 'ros'
[1.073s] Level 1:colcon.colcon_core.package_identification:_identify(paredes) by extensions ['cmake', 'python']
[1.073s] Level 1:colcon.colcon_core.package_identification:_identify(paredes) by extension 'cmake'
[1.073s] Level 1:colcon.colcon_core.package_identification:_identify(paredes) by extension 'python'
[1.073s] Level 1:colcon.colcon_core.package_identification:_identify(paredes) by extensions ['python_setup_py']
[1.073s] Level 1:colcon.colcon_core.package_identification:_identify(paredes) by extension 'python_setup_py'
[1.073s] Level 1:colcon.colcon_core.package_identification:_identify(src) by extensions ['ignore', 'ignore_ament_install']
[1.074s] Level 1:colcon.colcon_core.package_identification:_identify(src) by extension 'ignore'
[1.074s] Level 1:colcon.colcon_core.package_identification:_identify(src) by extension 'ignore_ament_install'
[1.074s] Level 1:colcon.colcon_core.package_identification:_identify(src) by extensions ['colcon_pkg']
[1.074s] Level 1:colcon.colcon_core.package_identification:_identify(src) by extension 'colcon_pkg'
[1.074s] Level 1:colcon.colcon_core.package_identification:_identify(src) by extensions ['colcon_meta']
[1.074s] Level 1:colcon.colcon_core.package_identification:_identify(src) by extension 'colcon_meta'
[1.074s] Level 1:colcon.colcon_core.package_identification:_identify(src) by extensions ['ros']
[1.074s] Level 1:colcon.colcon_core.package_identification:_identify(src) by extension 'ros'
[1.074s] Level 1:colcon.colcon_core.package_identification:_identify(src) by extensions ['cmake', 'python']
[1.074s] Level 1:colcon.colcon_core.package_identification:_identify(src) by extension 'cmake'
[1.074s] Level 1:colcon.colcon_core.package_identification:_identify(src) by extension 'python'
[1.074s] Level 1:colcon.colcon_core.package_identification:_identify(src) by extensions ['python_setup_py']
[1.074s] Level 1:colcon.colcon_core.package_identification:_identify(src) by extension 'python_setup_py'
[1.074s] Level 1:colcon.colcon_core.package_identification:_identify(src/recolector_ros2) by extensions ['ignore', 'ignore_ament_install']
[1.074s] Level 1:colcon.colcon_core.package_identification:_identify(src/recolector_ros2) by extension 'ignore'
[1.074s] Level 1:colcon.colcon_core.package_identification:_identify(src/recolector_ros2) by extension 'ignore_ament_install'
[1.074s] Level 1:colcon.colcon_core.package_identification:_identify(src/recolector_ros2) by extensions ['colcon_pkg']
[1.075s] Level 1:colcon.colcon_core.package_identification:_identify(src/recolector_ros2) by extension 'colcon_pkg'
[1.075s] Level 1:colcon.colcon_core.package_identification:_identify(src/recolector_ros2) by extensions ['colcon_meta']
[1.075s] Level 1:colcon.colcon_core.package_identification:_identify(src/recolector_ros2) by extension 'colcon_meta'
[1.075s] Level 1:colcon.colcon_core.package_identification:_identify(src/recolector_ros2) by extensions ['ros']
[1.075s] Level 1:colcon.colcon_core.package_identification:_identify(src/recolector_ros2) by extension 'ros'
[1.077s] DEBUG:colcon.colcon_core.package_identification:Package 'src/recolector_ros2' with type 'ros.ament_cmake' and name 'recolector_ros2'
[1.077s] Level 1:colcon.colcon_core.package_discovery:discover_packages(recursive) using defaults
[1.077s] Level 1:colcon.colcon_core.package_discovery:discover_packages(ignore) discover
[1.077s] Level 1:colcon.colcon_core.package_discovery:discover_packages(ignore) using defaults
[1.077s] Level 1:colcon.colcon_core.package_discovery:discover_packages(path) discover
[1.077s] Level 1:colcon.colcon_core.package_discovery:discover_packages(path) using defaults
[1.169s] Level 1:colcon.colcon_core.package_discovery:discover_packages(prefix_path) check parameters
[1.170s] Level 1:colcon.colcon_core.package_discovery:discover_packages(prefix_path) discover
[1.203s] DEBUG:colcon.colcon_installed_package_information.package_discovery:Found 393 installed packages in /opt/ros/humble
[1.205s] Level 1:colcon.colcon_core.package_discovery:discover_packages(prefix_path) using defaults
[1.317s] Level 5:colcon.colcon_core.verb:set package 'recolector_ros2' build argument 'cmake_args' from command line to 'None'
[1.317s] Level 5:colcon.colcon_core.verb:set package 'recolector_ros2' build argument 'cmake_target' from command line to 'None'
[1.317s] Level 5:colcon.colcon_core.verb:set package 'recolector_ros2' build argument 'cmake_target_skip_unavailable' from command line to 'False'
[1.317s] Level 5:colcon.colcon_core.verb:set package 'recolector_ros2' build argument 'cmake_clean_cache' from command line to 'False'
[1.317s] Level 5:colcon.colcon_core.verb:set package 'recolector_ros2' build argument 'cmake_clean_first' from command line to 'False'
[1.317s] Level 5:colcon.colcon_core.verb:set package 'recolector_ros2' build argument 'cmake_force_configure' from command line to 'False'
[1.317s] Level 5:colcon.colcon_core.verb:set package 'recolector_ros2' build argument 'ament_cmake_args' from command line to 'None'
[1.317s] Level 5:colcon.colcon_core.verb:set package 'recolector_ros2' build argument 'catkin_cmake_args' from command line to 'None'
[1.317s] Level 5:colcon.colcon_core.verb:set package 'recolector_ros2' build argument 'catkin_skip_building_tests' from command line to 'False'
[1.317s] DEBUG:colcon.colcon_core.verb:Building package 'recolector_ros2' with the following arguments: {'ament_cmake_args': None, 'build_base': '/home/ubuntu/recolector_robot/build/recolector_ros2', 'catkin_cmake_args': None, 'catkin_skip_building_tests': False, 'cmake_args': None, 'cmake_clean_cache': False, 'cmake_clean_first': False, 'cmake_force_configure': False, 'cmake_target': None, 'cmake_target_skip_unavailable': False, 'install_base': '/home/ubuntu/recolector_robot/install/recolector_ros2', 'merge_install': False, 'path': '/home/ubuntu/recolector_robot/src/recolector_ros2', 'symlink_install': True, 'test_result_base': None}
[1.332s] INFO:colcon.colcon_core.executor:Executing jobs using 'parallel' executor
[1.348s] DEBUG:colcon.colcon_parallel_executor.executor.parallel:run_until_complete
[1.348s] INFO:colcon.colcon_ros.task.ament_cmake.build:Building ROS package in '/home/ubuntu/recolector_robot/src/recolector_ros2' with build type 'ament_cmake'
[1.348s] INFO:colcon.colcon_cmake.task.cmake.build:Building CMake package in '/home/ubuntu/recolector_robot/src/recolector_ros2'
[1.366s] INFO:colcon.colcon_core.plugin_system:Skipping extension 'colcon_core.shell.bat': Not used on non-Windows systems
[1.366s] INFO:colcon.colcon_core.shell:Skip shell extension 'powershell' for command environment: Not usable outside of PowerShell
[1.366s] DEBUG:colcon.colcon_core.shell:Skip shell extension 'dsv' for command environment
[1.407s] DEBUG:colcon.colcon_core.event_handler.log_command:Invoking command in '/home/ubuntu/recolector_robot/build/recolector_ros2': CMAKE_PREFIX_PATH=/opt/ros/humble /usr/bin/cmake --build /home/ubuntu/recolector_robot/build/recolector_ros2 -- -j2 -l2
[1.446s] DEBUG:colcon.colcon_core.event_handler.log_command:Invoked command in '/home/ubuntu/recolector_robot/build/recolector_ros2' returned '0': CMAKE_PREFIX_PATH=/opt/ros/humble /usr/bin/cmake --build /home/ubuntu/recolector_robot/build/recolector_ros2 -- -j2 -l2
[1.479s] DEBUG:colcon.colcon_core.event_handler.log_command:Invoking command in '/home/ubuntu/recolector_robot/build/recolector_ros2': CMAKE_PREFIX_PATH=/opt/ros/humble /usr/bin/cmake --install /home/ubuntu/recolector_robot/build/recolector_ros2
[1.511s] Level 1:colcon.colcon_core.environment:create_environment_scripts_only(recolector_ros2)
[1.511s] DEBUG:colcon.colcon_core.event_handler.log_command:Invoked command in '/home/ubuntu/recolector_robot/build/recolector_ros2' returned '0': CMAKE_PREFIX_PATH=/opt/ros/humble /usr/bin/cmake --install /home/ubuntu/recolector_robot/build/recolector_ros2
[1.528s] Level 1:colcon.colcon_core.environment:checking '/home/ubuntu/recolector_robot/install/recolector_ros2' for CMake module files
[1.528s] Level 1:colcon.colcon_core.environment:checking '/home/ubuntu/recolector_robot/install/recolector_ros2' for CMake config files
[1.529s] Level 1:colcon.colcon_core.shell:create_environment_hook('recolector_ros2', 'cmake_prefix_path')
[1.543s] INFO:colcon.colcon_core.shell:Creating environment hook '/home/ubuntu/recolector_robot/install/recolector_ros2/share/recolector_ros2/hook/cmake_prefix_path.ps1'
[1.544s] INFO:colcon.colcon_core.shell:Creating environment descriptor '/home/ubuntu/recolector_robot/install/recolector_ros2/share/recolector_ros2/hook/cmake_prefix_path.dsv'
[1.545s] INFO:colcon.colcon_core.shell:Creating environment hook '/home/ubuntu/recolector_robot/install/recolector_ros2/share/recolector_ros2/hook/cmake_prefix_path.sh'
[1.546s] Level 1:colcon.colcon_core.environment:checking '/home/ubuntu/recolector_robot/install/recolector_ros2/lib'
[1.546s] Level 1:colcon.colcon_core.environment:checking '/home/ubuntu/recolector_robot/install/recolector_ros2/bin'
[1.546s] Level 1:colcon.colcon_core.environment:checking '/home/ubuntu/recolector_robot/install/recolector_ros2/lib/pkgconfig/recolector_ros2.pc'
[1.547s] Level 1:colcon.colcon_core.environment:checking '/home/ubuntu/recolector_robot/install/recolector_ros2/lib/python3.10/site-packages'
[1.547s] Level 1:colcon.colcon_core.shell:create_environment_hook('recolector_ros2', 'pythonpath')
[1.561s] INFO:colcon.colcon_core.shell:Creating environment hook '/home/ubuntu/recolector_robot/install/recolector_ros2/share/recolector_ros2/hook/pythonpath.ps1'
[1.562s] INFO:colcon.colcon_core.shell:Creating environment descriptor '/home/ubuntu/recolector_robot/install/recolector_ros2/share/recolector_ros2/hook/pythonpath.dsv'
[1.562s] INFO:colcon.colcon_core.shell:Creating environment hook '/home/ubuntu/recolector_robot/install/recolector_ros2/share/recolector_ros2/hook/pythonpath.sh'
[1.563s] Level 1:colcon.colcon_core.environment:checking '/home/ubuntu/recolector_robot/install/recolector_ros2/bin'
[1.579s] INFO:colcon.colcon_core.shell:Creating package script '/home/ubuntu/recolector_robot/install/recolector_ros2/share/recolector_ros2/package.ps1'
[1.581s] INFO:colcon.colcon_core.shell:Creating package descriptor '/home/ubuntu/recolector_robot/install/recolector_ros2/share/recolector_ros2/package.dsv'
[1.582s] INFO:colcon.colcon_core.shell:Creating package script '/home/ubuntu/recolector_robot/install/recolector_ros2/share/recolector_ros2/package.sh'
[1.585s] INFO:colcon.colcon_core.shell:Creating package script '/home/ubuntu/recolector_robot/install/recolector_ros2/share/recolector_ros2/package.bash'
[1.586s] INFO:colcon.colcon_core.shell:Creating package script '/home/ubuntu/recolector_robot/install/recolector_ros2/share/recolector_ros2/package.zsh'
[1.587s] Level 1:colcon.colcon_core.environment:create_file_with_runtime_dependencies(/home/ubuntu/recolector_robot/install/recolector_ros2/share/colcon-core/packages/recolector_ros2)
[1.635s] Level 1:colcon.colcon_core.environment:create_environment_scripts_only(recolector_ros2)
[1.653s] Level 1:colcon.colcon_core.environment:checking '/home/ubuntu/recolector_robot/install/recolector_ros2' for CMake module files
[1.654s] Level 1:colcon.colcon_core.environment:checking '/home/ubuntu/recolector_robot/install/recolector_ros2' for CMake config files
[1.655s] Level 1:colcon.colcon_core.shell:create_environment_hook('recolector_ros2', 'cmake_prefix_path')
[1.675s] INFO:colcon.colcon_core.shell:Creating environment hook '/home/ubuntu/recolector_robot/install/recolector_ros2/share/recolector_ros2/hook/cmake_prefix_path.ps1'
[1.676s] INFO:colcon.colcon_core.shell:Creating environment descriptor '/home/ubuntu/recolector_robot/install/recolector_ros2/share/recolector_ros2/hook/cmake_prefix_path.dsv'
[1.677s] INFO:colcon.colcon_core.shell:Creating environment hook '/home/ubuntu/recolector_robot/install/recolector_ros2/share/recolector_ros2/hook/cmake_prefix_path.sh'
[1.678s] Level 1:colcon.colcon_core.environment:checking '/home/ubuntu/recolector_robot/install/recolector_ros2/lib'
[1.678s] Level 1:colcon.colcon_core.environment:checking '/home/ubuntu/recolector_robot/install/recolector_ros2/bin'
[1.679s] Level 1:colcon.colcon_core.environment:checking '/home/ubuntu/recolector_robot/install/recolector_ros2/lib/pkgconfig/recolector_ros2.pc'
[1.681s] Level 1:colcon.colcon_core.environment:checking '/home/ubuntu/recolector_robot/install/recolector_ros2/lib/python3.10/site-packages'
[1.681s] Level 1:colcon.colcon_core.shell:create_environment_hook('recolector_ros2', 'pythonpath')
[1.713s] INFO:colcon.colcon_core.shell:Creating environment hook '/home/ubuntu/recolector_robot/install/recolector_ros2/share/recolector_ros2/hook/pythonpath.ps1'
[1.715s] INFO:colcon.colcon_core.shell:Creating environment descriptor '/home/ubuntu/recolector_robot/install/recolector_ros2/share/recolector_ros2/hook/pythonpath.dsv'
[1.716s] INFO:colcon.colcon_core.shell:Creating environment hook '/home/ubuntu/recolector_robot/install/recolector_ros2/share/recolector_ros2/hook/pythonpath.sh'
[1.720s] Level 1:colcon.colcon_core.environment:checking '/home/ubuntu/recolector_robot/install/recolector_ros2/bin'
[1.743s] INFO:colcon.colcon_core.shell:Creating package script '/home/ubuntu/recolector_robot/install/recolector_ros2/share/recolector_ros2/package.ps1'
[1.744s] INFO:colcon.colcon_core.shell:Creating package descriptor '/home/ubuntu/recolector_robot/install/recolector_ros2/share/recolector_ros2/package.dsv'
[1.745s] INFO:colcon.colcon_core.shell:Creating package script '/home/ubuntu/recolector_robot/install/recolector_ros2/share/recolector_ros2/package.sh'
[1.745s] INFO:colcon.colcon_core.shell:Creating package script '/home/ubuntu/recolector_robot/install/recolector_ros2/share/recolector_ros2/package.bash'
[1.746s] INFO:colcon.colcon_core.shell:Creating package script '/home/ubuntu/recolector_robot/install/recolector_ros2/share/recolector_ros2/package.zsh'
[1.747s] Level 1:colcon.colcon_core.environment:create_file_with_runtime_dependencies(/home/ubuntu/recolector_robot/install/recolector_ros2/share/colcon-core/packages/recolector_ros2)
[1.747s] DEBUG:colcon.colcon_parallel_executor.executor.parallel:closing loop
[1.748s] DEBUG:colcon.colcon_parallel_executor.executor.parallel:loop closed
[1.748s] DEBUG:colcon.colcon_parallel_executor.executor.parallel:run_until_complete finished with '0'
[1.748s] DEBUG:colcon.colcon_core.event_reactor:joining thread
[1.771s] INFO:colcon.colcon_core.plugin_system:Skipping extension 'colcon_notification.desktop_notification.terminal_notifier': Not used on non-Darwin systems
[1.771s] INFO:colcon.colcon_core.plugin_system:Skipping extension 'colcon_notification.desktop_notification.win32': Not used on non-Windows systems
[1.771s] INFO:colcon.colcon_notification.desktop_notification:Sending desktop notification using 'notify2'
[1.787s] DEBUG:colcon.colcon_core.event_reactor:joined thread
[1.805s] INFO:colcon.colcon_core.shell:Creating prefix script '/home/ubuntu/recolector_robot/install/local_setup.ps1'
[1.806s] INFO:colcon.colcon_core.shell:Creating prefix util module '/home/ubuntu/recolector_robot/install/_local_setup_util_ps1.py'
[1.808s] INFO:colcon.colcon_core.shell:Creating prefix chain script '/home/ubuntu/recolector_robot/install/setup.ps1'
[1.829s] INFO:colcon.colcon_core.shell:Creating prefix script '/home/ubuntu/recolector_robot/install/local_setup.sh'
[1.830s] INFO:colcon.colcon_core.shell:Creating prefix util module '/home/ubuntu/recolector_robot/install/_local_setup_util_sh.py'
[1.830s] INFO:colcon.colcon_core.shell:Creating prefix chain script '/home/ubuntu/recolector_robot/install/setup.sh'
[1.848s] INFO:colcon.colcon_core.shell:Creating prefix script '/home/ubuntu/recolector_robot/install/local_setup.bash'
[1.849s] INFO:colcon.colcon_core.shell:Creating prefix chain script '/home/ubuntu/recolector_robot/install/setup.bash'
[1.866s] INFO:colcon.colcon_core.shell:Creating prefix script '/home/ubuntu/recolector_robot/install/local_setup.zsh'
[1.866s] INFO:colcon.colcon_core.shell:Creating prefix chain script '/home/ubuntu/recolector_robot/install/setup.zsh'
