[0.916s] Invoking command in '/home/ubuntu/recolector_robot/src/ball_tracker': PYTHONPATH=/home/ubuntu/recolector_robot/build/ball_tracker/prefix_override:/home/ubuntu/recolector_robot/install/ball_tracker/lib/python3.10/site-packages:${PYTHONPATH} /usr/bin/python3 setup.py egg_info --egg-base ../../build/ball_tracker build --build-base /home/ubuntu/recolector_robot/build/ball_tracker/build install --record /home/ubuntu/recolector_robot/build/ball_tracker/install.log --install-scripts $base/lib/ball_tracker --single-version-externally-managed
[1.144s] /usr/lib/python3/dist-packages/setuptools/dist.py:723: UserWarning: Usage of dash-separated 'script-dir' will not be supported in future versions. Please use the underscore name 'script_dir' instead
[1.144s]   warnings.warn(
[1.154s] running egg_info
[1.154s] writing ../../build/ball_tracker/ball_tracker.egg-info/PKG-INFO
[1.155s] writing dependency_links to ../../build/ball_tracker/ball_tracker.egg-info/dependency_links.txt
[1.156s] writing entry points to ../../build/ball_tracker/ball_tracker.egg-info/entry_points.txt
[1.156s] writing requirements to ../../build/ball_tracker/ball_tracker.egg-info/requires.txt
[1.156s] writing top-level names to ../../build/ball_tracker/ball_tracker.egg-info/top_level.txt
[1.158s] reading manifest file '../../build/ball_tracker/ball_tracker.egg-info/SOURCES.txt'
[1.159s] writing manifest file '../../build/ball_tracker/ball_tracker.egg-info/SOURCES.txt'
[1.160s] running build
[1.160s] running build_py
[1.161s] running install
[1.162s] /usr/lib/python3/dist-packages/setuptools/command/install.py:34: SetuptoolsDeprecationWarning: setup.py install is deprecated. Use build and pip and other standards-based tools.
[1.162s]   warnings.warn(
[1.163s] running install_lib
[1.164s] running install_data
[1.165s] running install_egg_info
[1.167s] removing '/home/ubuntu/recolector_robot/install/ball_tracker/lib/python3.10/site-packages/ball_tracker-0.0.0-py3.10.egg-info' (and everything under it)
[1.167s] Copying ../../build/ball_tracker/ball_tracker.egg-info to /home/ubuntu/recolector_robot/install/ball_tracker/lib/python3.10/site-packages/ball_tracker-0.0.0-py3.10.egg-info
[1.169s] running install_scripts
[1.187s] Installing detect_ball script to /home/ubuntu/recolector_robot/install/ball_tracker/lib/ball_tracker
[1.188s] Installing detect_ball_3d script to /home/ubuntu/recolector_robot/install/ball_tracker/lib/ball_tracker
[1.189s] Installing follow_ball script to /home/ubuntu/recolector_robot/install/ball_tracker/lib/ball_tracker
[1.190s] writing list of installed files to '/home/ubuntu/recolector_robot/build/ball_tracker/install.log'
[1.212s] Invoked command in '/home/ubuntu/recolector_robot/src/ball_tracker' returned '0': PYTHONPATH=/home/ubuntu/recolector_robot/build/ball_tracker/prefix_override:/home/ubuntu/recolector_robot/install/ball_tracker/lib/python3.10/site-packages:${PYTHONPATH} /usr/bin/python3 setup.py egg_info --egg-base ../../build/ball_tracker build --build-base /home/ubuntu/recolector_robot/build/ball_tracker/build install --record /home/ubuntu/recolector_robot/build/ball_tracker/install.log --install-scripts $base/lib/ball_tracker --single-version-externally-managed
