[0.094s] Invoking command in '/home/ubuntu/recolector_robot/build/recolector_ros2': CMAKE_PREFIX_PATH=${CMAKE_PREFIX_PATH}:/opt/ros/humble /usr/bin/cmake --build /home/ubuntu/recolector_robot/build/recolector_ros2 -- -j2 -l2
[0.147s] Invoked command in '/home/ubuntu/recolector_robot/build/recolector_ros2' returned '0': CMAKE_PREFIX_PATH=${CMAKE_PREFIX_PATH}:/opt/ros/humble /usr/bin/cmake --build /home/ubuntu/recolector_robot/build/recolector_ros2 -- -j2 -l2
[0.212s] Invoking command in '/home/ubuntu/recolector_robot/build/recolector_ros2': CMAKE_PREFIX_PATH=${CMAKE_PREFIX_PATH}:/opt/ros/humble /usr/bin/cmake --install /home/ubuntu/recolector_robot/build/recolector_ros2
[0.220s] -- Install configuration: ""
[0.221s] -- Execute custom install script
[0.221s] -- Up-to-date symlink: /home/ubuntu/recolector_robot/install/recolector_ros2/share/recolector_ros2/launch/display.launch.py
[0.222s] -- Up-to-date symlink: /home/ubuntu/recolector_robot/install/recolector_ros2/share/recolector_ros2/launch/gazebo.launch.py
[0.222s] -- Up-to-date symlink: /home/ubuntu/recolector_robot/install/recolector_ros2/share/recolector_ros2/launch/joystick.launch.py
[0.222s] -- Up-to-date symlink: /home/ubuntu/recolector_robot/install/recolector_ros2/share/recolector_ros2/launch/launch_sim.launch.py
[0.223s] -- Up-to-date symlink: /home/ubuntu/recolector_robot/install/recolector_ros2/share/recolector_ros2/launch/online_async_launch.py
[0.223s] -- Up-to-date symlink: /home/ubuntu/recolector_robot/install/recolector_ros2/share/recolector_ros2/launch/rsp.launch.py
[0.223s] -- Up-to-date symlink: /home/ubuntu/recolector_robot/install/recolector_ros2/share/recolector_ros2/meshes/base_castor_link.STL
[0.223s] -- Up-to-date symlink: /home/ubuntu/recolector_robot/install/recolector_ros2/share/recolector_ros2/meshes/base_link.STL
[0.224s] -- Up-to-date symlink: /home/ubuntu/recolector_robot/install/recolector_ros2/share/recolector_ros2/meshes/rueda_castor_link.STL
[0.224s] -- Up-to-date symlink: /home/ubuntu/recolector_robot/install/recolector_ros2/share/recolector_ros2/meshes/rueda_derecha_link.STL
[0.224s] -- Up-to-date symlink: /home/ubuntu/recolector_robot/install/recolector_ros2/share/recolector_ros2/meshes/rueda_izquiera_link.STL
[0.224s] -- Up-to-date symlink: /home/ubuntu/recolector_robot/install/recolector_ros2/share/ament_index/resource_index/package_run_dependencies/recolector_ros2
[0.224s] -- Up-to-date symlink: /home/ubuntu/recolector_robot/install/recolector_ros2/share/ament_index/resource_index/parent_prefix_path/recolector_ros2
[0.225s] -- Up-to-date symlink: /home/ubuntu/recolector_robot/install/recolector_ros2/share/recolector_ros2/environment/ament_prefix_path.sh
[0.225s] -- Up-to-date symlink: /home/ubuntu/recolector_robot/install/recolector_ros2/share/recolector_ros2/environment/ament_prefix_path.dsv
[0.225s] -- Up-to-date symlink: /home/ubuntu/recolector_robot/install/recolector_ros2/share/recolector_ros2/environment/path.sh
[0.225s] -- Up-to-date symlink: /home/ubuntu/recolector_robot/install/recolector_ros2/share/recolector_ros2/environment/path.dsv
[0.225s] -- Up-to-date symlink: /home/ubuntu/recolector_robot/install/recolector_ros2/share/recolector_ros2/local_setup.bash
[0.226s] -- Up-to-date symlink: /home/ubuntu/recolector_robot/install/recolector_ros2/share/recolector_ros2/local_setup.sh
[0.228s] -- Up-to-date symlink: /home/ubuntu/recolector_robot/install/recolector_ros2/share/recolector_ros2/local_setup.zsh
[0.228s] -- Up-to-date symlink: /home/ubuntu/recolector_robot/install/recolector_ros2/share/recolector_ros2/local_setup.dsv
[0.229s] -- Symlinking: /home/ubuntu/recolector_robot/install/recolector_ros2/share/recolector_ros2/package.dsv
[0.248s] -- Up-to-date symlink: /home/ubuntu/recolector_robot/install/recolector_ros2/share/ament_index/resource_index/packages/recolector_ros2
[0.249s] -- Up-to-date symlink: /home/ubuntu/recolector_robot/install/recolector_ros2/share/recolector_ros2/cmake/recolector_ros2Config.cmake
[0.250s] -- Up-to-date symlink: /home/ubuntu/recolector_robot/install/recolector_ros2/share/recolector_ros2/cmake/recolector_ros2Config-version.cmake
[0.254s] -- Up-to-date symlink: /home/ubuntu/recolector_robot/install/recolector_ros2/share/recolector_ros2/package.xml
[0.255s] Invoked command in '/home/ubuntu/recolector_robot/build/recolector_ros2' returned '0': CMAKE_PREFIX_PATH=${CMAKE_PREFIX_PATH}:/opt/ros/humble /usr/bin/cmake --install /home/ubuntu/recolector_robot/build/recolector_ros2
