[0.077s] Invoking command in '/home/ubuntu/recolector_robot/build/recolector_ros2': CMAKE_PREFIX_PATH=${CMAKE_PREFIX_PATH}:/opt/ros/humble /usr/bin/cmake /home/ubuntu/recolector_robot/src/recolector_ros2 -DCMAKE_INSTALL_PREFIX=/home/ubuntu/recolector_robot/install/recolector_ros2
[0.092s] -- Found ament_cmake: 1.3.5 (/opt/ros/humble/share/ament_cmake/cmake)
[0.239s] -- Override CMake install command with custom implementation using symlinks instead of copying resources
[0.253s] -- Found ament_lint_auto: 0.12.8 (/opt/ros/humble/share/ament_lint_auto/cmake)
[0.322s] -- Added test 'flake8' to check Python code syntax and style conventions
[0.324s] -- Added test 'lint_cmake' to check CMake code style
[0.324s] -- Added test 'pep257' to check Python code against some of the docstring style conventions in PEP 257
[0.328s] -- Added test 'xmllint' to check XML markup files
[0.330s] -- Configuring done
[0.335s] -- Generating done
[0.338s] -- Build files have been written to: /home/ubuntu/recolector_robot/build/recolector_ros2
[0.343s] Invoked command in '/home/ubuntu/recolector_robot/build/recolector_ros2' returned '0': CMAKE_PREFIX_PATH=${CMAKE_PREFIX_PATH}:/opt/ros/humble /usr/bin/cmake /home/ubuntu/recolector_robot/src/recolector_ros2 -DCMAKE_INSTALL_PREFIX=/home/ubuntu/recolector_robot/install/recolector_ros2
[0.344s] Invoking command in '/home/ubuntu/recolector_robot/build/recolector_ros2': CMAKE_PREFIX_PATH=${CMAKE_PREFIX_PATH}:/opt/ros/humble /usr/bin/cmake --build /home/ubuntu/recolector_robot/build/recolector_ros2 -- -j2 -l2
[0.377s] Invoked command in '/home/ubuntu/recolector_robot/build/recolector_ros2' returned '0': CMAKE_PREFIX_PATH=${CMAKE_PREFIX_PATH}:/opt/ros/humble /usr/bin/cmake --build /home/ubuntu/recolector_robot/build/recolector_ros2 -- -j2 -l2
[0.404s] Invoking command in '/home/ubuntu/recolector_robot/build/recolector_ros2': CMAKE_PREFIX_PATH=${CMAKE_PREFIX_PATH}:/opt/ros/humble /usr/bin/cmake --install /home/ubuntu/recolector_robot/build/recolector_ros2
[0.412s] -- Install configuration: ""
[0.412s] -- Execute custom install script
[0.413s] -- Up-to-date symlink: /home/ubuntu/recolector_robot/install/recolector_ros2/share/recolector_ros2/launch/display.launch.py
[0.413s] -- Up-to-date symlink: /home/ubuntu/recolector_robot/install/recolector_ros2/share/recolector_ros2/launch/launch_sim.launch.py
[0.413s] -- Up-to-date symlink: /home/ubuntu/recolector_robot/install/recolector_ros2/share/recolector_ros2/launch/online_async_launch.py
[0.414s] -- Up-to-date symlink: /home/ubuntu/recolector_robot/install/recolector_ros2/share/recolector_ros2/launch/rsp.launch.py
[0.414s] -- Up-to-date symlink: /home/ubuntu/recolector_robot/install/recolector_ros2/share/ament_index/resource_index/package_run_dependencies/recolector_ros2
[0.414s] -- Up-to-date symlink: /home/ubuntu/recolector_robot/install/recolector_ros2/share/ament_index/resource_index/parent_prefix_path/recolector_ros2
[0.415s] -- Up-to-date symlink: /home/ubuntu/recolector_robot/install/recolector_ros2/share/recolector_ros2/environment/ament_prefix_path.sh
[0.415s] -- Up-to-date symlink: /home/ubuntu/recolector_robot/install/recolector_ros2/share/recolector_ros2/environment/ament_prefix_path.dsv
[0.415s] -- Up-to-date symlink: /home/ubuntu/recolector_robot/install/recolector_ros2/share/recolector_ros2/environment/path.sh
[0.415s] -- Up-to-date symlink: /home/ubuntu/recolector_robot/install/recolector_ros2/share/recolector_ros2/environment/path.dsv
[0.416s] -- Up-to-date symlink: /home/ubuntu/recolector_robot/install/recolector_ros2/share/recolector_ros2/local_setup.bash
[0.416s] -- Up-to-date symlink: /home/ubuntu/recolector_robot/install/recolector_ros2/share/recolector_ros2/local_setup.sh
[0.416s] -- Up-to-date symlink: /home/ubuntu/recolector_robot/install/recolector_ros2/share/recolector_ros2/local_setup.zsh
[0.417s] -- Up-to-date symlink: /home/ubuntu/recolector_robot/install/recolector_ros2/share/recolector_ros2/local_setup.dsv
[0.417s] -- Symlinking: /home/ubuntu/recolector_robot/install/recolector_ros2/share/recolector_ros2/package.dsv
[0.427s] -- Up-to-date symlink: /home/ubuntu/recolector_robot/install/recolector_ros2/share/ament_index/resource_index/packages/recolector_ros2
[0.427s] -- Up-to-date symlink: /home/ubuntu/recolector_robot/install/recolector_ros2/share/recolector_ros2/cmake/recolector_ros2Config.cmake
[0.427s] -- Up-to-date symlink: /home/ubuntu/recolector_robot/install/recolector_ros2/share/recolector_ros2/cmake/recolector_ros2Config-version.cmake
[0.427s] -- Up-to-date symlink: /home/ubuntu/recolector_robot/install/recolector_ros2/share/recolector_ros2/package.xml
[0.432s] Invoked command in '/home/ubuntu/recolector_robot/build/recolector_ros2' returned '0': CMAKE_PREFIX_PATH=${CMAKE_PREFIX_PATH}:/opt/ros/humble /usr/bin/cmake --install /home/ubuntu/recolector_robot/build/recolector_ros2
