[0.810s] Invoking command in '/home/ubuntu/recolector_robot/src/ball_tracker': PYTHONPATH=/home/ubuntu/recolector_robot/build/ball_tracker/prefix_override:/home/ubuntu/recolector_robot/install/ball_tracker/lib/python3.10/site-packages:${PYTHONPATH} /usr/bin/python3 setup.py egg_info --egg-base ../../build/ball_tracker build --build-base /home/ubuntu/recolector_robot/build/ball_tracker/build install --record /home/ubuntu/recolector_robot/build/ball_tracker/install.log --install-scripts $base/lib/ball_tracker --single-version-externally-managed
[1.046s] /usr/lib/python3/dist-packages/setuptools/dist.py:723: UserWarning: Usage of dash-separated 'script-dir' will not be supported in future versions. Please use the underscore name 'script_dir' instead
[1.046s]   warnings.warn(
[1.053s] running egg_info
[1.054s] writing ../../build/ball_tracker/ball_tracker.egg-info/PKG-INFO
[1.055s] writing dependency_links to ../../build/ball_tracker/ball_tracker.egg-info/dependency_links.txt
[1.055s] writing entry points to ../../build/ball_tracker/ball_tracker.egg-info/entry_points.txt
[1.056s] writing requirements to ../../build/ball_tracker/ball_tracker.egg-info/requires.txt
[1.056s] writing top-level names to ../../build/ball_tracker/ball_tracker.egg-info/top_level.txt
[1.057s] reading manifest file '../../build/ball_tracker/ball_tracker.egg-info/SOURCES.txt'
[1.058s] writing manifest file '../../build/ball_tracker/ball_tracker.egg-info/SOURCES.txt'
[1.058s] running build
[1.058s] running build_py
[1.059s] running install
[1.059s] /usr/lib/python3/dist-packages/setuptools/command/install.py:34: SetuptoolsDeprecationWarning: setup.py install is deprecated. Use build and pip and other standards-based tools.
[1.059s]   warnings.warn(
[1.060s] running install_lib
[1.060s] running install_data
[1.061s] running install_egg_info
[1.063s] removing '/home/ubuntu/recolector_robot/install/ball_tracker/lib/python3.10/site-packages/ball_tracker-0.0.0-py3.10.egg-info' (and everything under it)
[1.063s] Copying ../../build/ball_tracker/ball_tracker.egg-info to /home/ubuntu/recolector_robot/install/ball_tracker/lib/python3.10/site-packages/ball_tracker-0.0.0-py3.10.egg-info
[1.064s] running install_scripts
[1.084s] Installing detect_ball script to /home/ubuntu/recolector_robot/install/ball_tracker/lib/ball_tracker
[1.085s] Installing detect_ball_3d script to /home/ubuntu/recolector_robot/install/ball_tracker/lib/ball_tracker
[1.086s] Installing follow_ball script to /home/ubuntu/recolector_robot/install/ball_tracker/lib/ball_tracker
[1.086s] writing list of installed files to '/home/ubuntu/recolector_robot/build/ball_tracker/install.log'
[1.115s] Invoked command in '/home/ubuntu/recolector_robot/src/ball_tracker' returned '0': PYTHONPATH=/home/ubuntu/recolector_robot/build/ball_tracker/prefix_override:/home/ubuntu/recolector_robot/install/ball_tracker/lib/python3.10/site-packages:${PYTHONPATH} /usr/bin/python3 setup.py egg_info --egg-base ../../build/ball_tracker build --build-base /home/ubuntu/recolector_robot/build/ball_tracker/build install --record /home/ubuntu/recolector_robot/build/ball_tracker/install.log --install-scripts $base/lib/ball_tracker --single-version-externally-managed
