[0.063s] Invoking command in '/home/ubuntu/recolector_robot/build/recolector_ros2': CMAKE_PREFIX_PATH=/opt/ros/humble /usr/bin/cmake --build /home/ubuntu/recolector_robot/build/recolector_ros2 -- -j2 -l2
[0.124s] Invoked command in '/home/ubuntu/recolector_robot/build/recolector_ros2' returned '0': CMAKE_PREFIX_PATH=/opt/ros/humble /usr/bin/cmake --build /home/ubuntu/recolector_robot/build/recolector_ros2 -- -j2 -l2
[0.165s] Invoking command in '/home/ubuntu/recolector_robot/build/recolector_ros2': CMAKE_PREFIX_PATH=/opt/ros/humble /usr/bin/cmake --install /home/ubuntu/recolector_robot/build/recolector_ros2
[0.175s] -- Install configuration: ""
[0.177s] -- Execute custom install script
[0.179s] -- Up-to-date symlink: /home/ubuntu/recolector_robot/install/recolector_ros2/share/recolector_ros2/config/main.rviz
[0.180s] -- Up-to-date symlink: /home/ubuntu/recolector_robot/install/recolector_ros2/share/recolector_ros2/config/mapper_params_online_async.yaml
[0.180s] -- Up-to-date symlink: /home/ubuntu/recolector_robot/install/recolector_ros2/share/recolector_ros2/description/gazebo_control.xacro
[0.181s] -- Up-to-date symlink: /home/ubuntu/recolector_robot/install/recolector_ros2/share/recolector_ros2/description/robot.urdf.xacro
[0.181s] -- Up-to-date symlink: /home/ubuntu/recolector_robot/install/recolector_ros2/share/recolector_ros2/description/robot_core.xacro
[0.182s] -- Up-to-date symlink: /home/ubuntu/recolector_robot/install/recolector_ros2/share/recolector_ros2/launch/display.launch.py
[0.182s] -- Up-to-date symlink: /home/ubuntu/recolector_robot/install/recolector_ros2/share/recolector_ros2/launch/gazebo.launch.py
[0.183s] -- Up-to-date symlink: /home/ubuntu/recolector_robot/install/recolector_ros2/share/recolector_ros2/launch/launch_sim.launch.py
[0.183s] -- Up-to-date symlink: /home/ubuntu/recolector_robot/install/recolector_ros2/share/recolector_ros2/launch/online_async_launch.py
[0.184s] -- Up-to-date symlink: /home/ubuntu/recolector_robot/install/recolector_ros2/share/recolector_ros2/launch/rsp.launch.py
[0.186s] -- Up-to-date symlink: /home/ubuntu/recolector_robot/install/recolector_ros2/share/recolector_ros2/worlds/feka.world
[0.187s] -- Up-to-date symlink: /home/ubuntu/recolector_robot/install/recolector_ros2/share/recolector_ros2/worlds/feka/model.config
[0.187s] -- Up-to-date symlink: /home/ubuntu/recolector_robot/install/recolector_ros2/share/recolector_ros2/worlds/feka/model.sdf
[0.187s] -- Up-to-date symlink: /home/ubuntu/recolector_robot/install/recolector_ros2/share/recolector_ros2/worlds/map_v3.world
[0.188s] -- Up-to-date symlink: /home/ubuntu/recolector_robot/install/recolector_ros2/share/recolector_ros2/worlds/mapa_new/espaldar/model.config
[0.188s] -- Up-to-date symlink: /home/ubuntu/recolector_robot/install/recolector_ros2/share/recolector_ros2/worlds/mapa_new/espaldar/model.sdf
[0.189s] -- Up-to-date symlink: /home/ubuntu/recolector_robot/install/recolector_ros2/share/recolector_ros2/worlds/mapa_new/model.config
[0.189s] -- Up-to-date symlink: /home/ubuntu/recolector_robot/install/recolector_ros2/share/recolector_ros2/worlds/mapa_new/model.sdf
[0.189s] -- Up-to-date symlink: /home/ubuntu/recolector_robot/install/recolector_ros2/share/recolector_ros2/worlds/mapa_new/separador_pared/model.config
[0.190s] -- Up-to-date symlink: /home/ubuntu/recolector_robot/install/recolector_ros2/share/recolector_ros2/worlds/mapa_new/separador_pared/model.sdf
[0.190s] -- Up-to-date symlink: /home/ubuntu/recolector_robot/install/recolector_ros2/share/recolector_ros2/worlds/mapa_new/separador_v2/model.config
[0.190s] -- Up-to-date symlink: /home/ubuntu/recolector_robot/install/recolector_ros2/share/recolector_ros2/worlds/mapa_new/separador_v2/model.sdf
[0.191s] -- Up-to-date symlink: /home/ubuntu/recolector_robot/install/recolector_ros2/share/recolector_ros2/worlds/mapa_new/serarador_2/model.config
[0.191s] -- Up-to-date symlink: /home/ubuntu/recolector_robot/install/recolector_ros2/share/recolector_ros2/worlds/mapa_new/serarador_2/model.sdf
[0.192s] -- Up-to-date symlink: /home/ubuntu/recolector_robot/install/recolector_ros2/share/recolector_ros2/worlds/mapa_new/table/model.config
[0.192s] -- Up-to-date symlink: /home/ubuntu/recolector_robot/install/recolector_ros2/share/recolector_ros2/worlds/mapa_new/table/model.sdf
[0.193s] -- Up-to-date symlink: /home/ubuntu/recolector_robot/install/recolector_ros2/share/ament_index/resource_index/package_run_dependencies/recolector_ros2
[0.194s] -- Up-to-date symlink: /home/ubuntu/recolector_robot/install/recolector_ros2/share/ament_index/resource_index/parent_prefix_path/recolector_ros2
[0.194s] -- Up-to-date symlink: /home/ubuntu/recolector_robot/install/recolector_ros2/share/recolector_ros2/environment/ament_prefix_path.sh
[0.195s] -- Up-to-date symlink: /home/ubuntu/recolector_robot/install/recolector_ros2/share/recolector_ros2/environment/ament_prefix_path.dsv
[0.195s] -- Up-to-date symlink: /home/ubuntu/recolector_robot/install/recolector_ros2/share/recolector_ros2/environment/path.sh
[0.195s] -- Up-to-date symlink: /home/ubuntu/recolector_robot/install/recolector_ros2/share/recolector_ros2/environment/path.dsv
[0.196s] -- Up-to-date symlink: /home/ubuntu/recolector_robot/install/recolector_ros2/share/recolector_ros2/local_setup.bash
[0.196s] -- Up-to-date symlink: /home/ubuntu/recolector_robot/install/recolector_ros2/share/recolector_ros2/local_setup.sh
[0.197s] -- Up-to-date symlink: /home/ubuntu/recolector_robot/install/recolector_ros2/share/recolector_ros2/local_setup.zsh
[0.197s] -- Up-to-date symlink: /home/ubuntu/recolector_robot/install/recolector_ros2/share/recolector_ros2/local_setup.dsv
[0.198s] -- Symlinking: /home/ubuntu/recolector_robot/install/recolector_ros2/share/recolector_ros2/package.dsv
[0.206s] -- Up-to-date symlink: /home/ubuntu/recolector_robot/install/recolector_ros2/share/ament_index/resource_index/packages/recolector_ros2
[0.207s] -- Up-to-date symlink: /home/ubuntu/recolector_robot/install/recolector_ros2/share/recolector_ros2/cmake/recolector_ros2Config.cmake
[0.207s] -- Up-to-date symlink: /home/ubuntu/recolector_robot/install/recolector_ros2/share/recolector_ros2/cmake/recolector_ros2Config-version.cmake
[0.208s] -- Up-to-date symlink: /home/ubuntu/recolector_robot/install/recolector_ros2/share/recolector_ros2/package.xml
[0.210s] Invoked command in '/home/ubuntu/recolector_robot/build/recolector_ros2' returned '0': CMAKE_PREFIX_PATH=/opt/ros/humble /usr/bin/cmake --install /home/ubuntu/recolector_robot/build/recolector_ros2
