[0.982s] DEBUG:colcon:Command line arguments: ['/usr/bin/colcon', 'build']
[0.983s] DEBUG:colcon:Parsed command line arguments: Namespace(log_base=None, log_level=None, verb_name='build', build_base='build', install_base='install', merge_install=False, symlink_install=False, test_result_base=None, continue_on_error=False, executor='parallel', parallel_workers=2, event_handlers=None, ignore_user_meta=False, metas=['./colcon.meta'], base_paths=['.'], packages_ignore=None, packages_ignore_regex=None, paths=None, packages_up_to=None, packages_up_to_regex=None, packages_above=None, packages_above_and_dependencies=None, packages_above_depth=None, packages_select_by_dep=None, packages_skip_by_dep=None, packages_skip_up_to=None, packages_select_build_failed=False, packages_skip_build_finished=False, packages_select_test_failures=False, packages_skip_test_passed=False, packages_select=None, packages_skip=None, packages_select_regex=None, packages_skip_regex=None, packages_start=None, packages_end=None, allow_overriding=[], cmake_args=None, cmake_target=None, cmake_target_skip_unavailable=False, cmake_clean_cache=False, cmake_clean_first=False, cmake_force_configure=False, ament_cmake_args=None, catkin_cmake_args=None, catkin_skip_building_tests=False, verb_parser=<colcon_defaults.argument_parser.defaults.DefaultArgumentsDecorator object at 0x7f645cf1d510>, verb_extension=<colcon_core.verb.build.BuildVerb object at 0x7f645cf63e50>, main=<bound method BuildVerb.main of <colcon_core.verb.build.BuildVerb object at 0x7f645cf63e50>>)
[1.030s] Level 1:colcon.colcon_core.package_discovery:discover_packages(colcon_meta) check parameters
[1.030s] Level 1:colcon.colcon_core.package_discovery:discover_packages(recursive) check parameters
[1.030s] Level 1:colcon.colcon_core.package_discovery:discover_packages(ignore) check parameters
[1.030s] Level 1:colcon.colcon_core.package_discovery:discover_packages(path) check parameters
[1.030s] Level 1:colcon.colcon_core.package_discovery:discover_packages(colcon_meta) discover
[1.030s] Level 1:colcon.colcon_core.package_discovery:discover_packages(recursive) discover
[1.030s] INFO:colcon.colcon_core.package_discovery:Crawling recursively for packages in '/home/ubuntu/recolector_robot'
[1.030s] Level 1:colcon.colcon_core.package_identification:_identify(.) by extensions ['ignore', 'ignore_ament_install']
[1.030s] Level 1:colcon.colcon_core.package_identification:_identify(.) by extension 'ignore'
[1.030s] Level 1:colcon.colcon_core.package_identification:_identify(.) by extension 'ignore_ament_install'
[1.030s] Level 1:colcon.colcon_core.package_identification:_identify(.) by extensions ['colcon_pkg']
[1.030s] Level 1:colcon.colcon_core.package_identification:_identify(.) by extension 'colcon_pkg'
[1.030s] Level 1:colcon.colcon_core.package_identification:_identify(.) by extensions ['colcon_meta']
[1.030s] Level 1:colcon.colcon_core.package_identification:_identify(.) by extension 'colcon_meta'
[1.031s] Level 1:colcon.colcon_core.package_identification:_identify(.) by extensions ['ros']
[1.031s] Level 1:colcon.colcon_core.package_identification:_identify(.) by extension 'ros'
[1.041s] Level 1:colcon.colcon_core.package_identification:_identify(.) by extensions ['cmake', 'python']
[1.041s] Level 1:colcon.colcon_core.package_identification:_identify(.) by extension 'cmake'
[1.041s] Level 1:colcon.colcon_core.package_identification:_identify(.) by extension 'python'
[1.041s] Level 1:colcon.colcon_core.package_identification:_identify(.) by extensions ['python_setup_py']
[1.041s] Level 1:colcon.colcon_core.package_identification:_identify(.) by extension 'python_setup_py'
[1.041s] Level 1:colcon.colcon_core.package_identification:_identify(build) by extensions ['ignore', 'ignore_ament_install']
[1.041s] Level 1:colcon.colcon_core.package_identification:_identify(build) by extension 'ignore'
[1.042s] Level 1:colcon.colcon_core.package_identification:_identify(build) ignored
[1.042s] Level 1:colcon.colcon_core.package_identification:_identify(install) by extensions ['ignore', 'ignore_ament_install']
[1.042s] Level 1:colcon.colcon_core.package_identification:_identify(install) by extension 'ignore'
[1.042s] Level 1:colcon.colcon_core.package_identification:_identify(install) ignored
[1.042s] Level 1:colcon.colcon_core.package_identification:_identify(log) by extensions ['ignore', 'ignore_ament_install']
[1.042s] Level 1:colcon.colcon_core.package_identification:_identify(log) by extension 'ignore'
[1.042s] Level 1:colcon.colcon_core.package_identification:_identify(log) ignored
[1.042s] Level 1:colcon.colcon_core.package_identification:_identify(paredes) by extensions ['ignore', 'ignore_ament_install']
[1.042s] Level 1:colcon.colcon_core.package_identification:_identify(paredes) by extension 'ignore'
[1.042s] Level 1:colcon.colcon_core.package_identification:_identify(paredes) by extension 'ignore_ament_install'
[1.042s] Level 1:colcon.colcon_core.package_identification:_identify(paredes) by extensions ['colcon_pkg']
[1.042s] Level 1:colcon.colcon_core.package_identification:_identify(paredes) by extension 'colcon_pkg'
[1.043s] Level 1:colcon.colcon_core.package_identification:_identify(paredes) by extensions ['colcon_meta']
[1.043s] Level 1:colcon.colcon_core.package_identification:_identify(paredes) by extension 'colcon_meta'
[1.043s] Level 1:colcon.colcon_core.package_identification:_identify(paredes) by extensions ['ros']
[1.043s] Level 1:colcon.colcon_core.package_identification:_identify(paredes) by extension 'ros'
[1.043s] Level 1:colcon.colcon_core.package_identification:_identify(paredes) by extensions ['cmake', 'python']
[1.043s] Level 1:colcon.colcon_core.package_identification:_identify(paredes) by extension 'cmake'
[1.043s] Level 1:colcon.colcon_core.package_identification:_identify(paredes) by extension 'python'
[1.043s] Level 1:colcon.colcon_core.package_identification:_identify(paredes) by extensions ['python_setup_py']
[1.043s] Level 1:colcon.colcon_core.package_identification:_identify(paredes) by extension 'python_setup_py'
[1.043s] Level 1:colcon.colcon_core.package_identification:_identify(src) by extensions ['ignore', 'ignore_ament_install']
[1.043s] Level 1:colcon.colcon_core.package_identification:_identify(src) by extension 'ignore'
[1.043s] Level 1:colcon.colcon_core.package_identification:_identify(src) by extension 'ignore_ament_install'
[1.043s] Level 1:colcon.colcon_core.package_identification:_identify(src) by extensions ['colcon_pkg']
[1.043s] Level 1:colcon.colcon_core.package_identification:_identify(src) by extension 'colcon_pkg'
[1.043s] Level 1:colcon.colcon_core.package_identification:_identify(src) by extensions ['colcon_meta']
[1.043s] Level 1:colcon.colcon_core.package_identification:_identify(src) by extension 'colcon_meta'
[1.043s] Level 1:colcon.colcon_core.package_identification:_identify(src) by extensions ['ros']
[1.043s] Level 1:colcon.colcon_core.package_identification:_identify(src) by extension 'ros'
[1.043s] Level 1:colcon.colcon_core.package_identification:_identify(src) by extensions ['cmake', 'python']
[1.043s] Level 1:colcon.colcon_core.package_identification:_identify(src) by extension 'cmake'
[1.043s] Level 1:colcon.colcon_core.package_identification:_identify(src) by extension 'python'
[1.044s] Level 1:colcon.colcon_core.package_identification:_identify(src) by extensions ['python_setup_py']
[1.044s] Level 1:colcon.colcon_core.package_identification:_identify(src) by extension 'python_setup_py'
[1.044s] Level 1:colcon.colcon_core.package_identification:_identify(src/ball_tracker) by extensions ['ignore', 'ignore_ament_install']
[1.044s] Level 1:colcon.colcon_core.package_identification:_identify(src/ball_tracker) by extension 'ignore'
[1.044s] Level 1:colcon.colcon_core.package_identification:_identify(src/ball_tracker) by extension 'ignore_ament_install'
[1.044s] Level 1:colcon.colcon_core.package_identification:_identify(src/ball_tracker) by extensions ['colcon_pkg']
[1.044s] Level 1:colcon.colcon_core.package_identification:_identify(src/ball_tracker) by extension 'colcon_pkg'
[1.044s] Level 1:colcon.colcon_core.package_identification:_identify(src/ball_tracker) by extensions ['colcon_meta']
[1.044s] Level 1:colcon.colcon_core.package_identification:_identify(src/ball_tracker) by extension 'colcon_meta'
[1.044s] Level 1:colcon.colcon_core.package_identification:_identify(src/ball_tracker) by extensions ['ros']
[1.044s] Level 1:colcon.colcon_core.package_identification:_identify(src/ball_tracker) by extension 'ros'
[1.047s] DEBUG:colcon.colcon_core.package_identification:Package 'src/ball_tracker' with type 'ros.ament_python' and name 'ball_tracker'
[1.048s] Level 1:colcon.colcon_core.package_identification:_identify(src/build) by extensions ['ignore', 'ignore_ament_install']
[1.048s] Level 1:colcon.colcon_core.package_identification:_identify(src/build) by extension 'ignore'
[1.048s] Level 1:colcon.colcon_core.package_identification:_identify(src/build) ignored
[1.048s] Level 1:colcon.colcon_core.package_identification:_identify(src/install) by extensions ['ignore', 'ignore_ament_install']
[1.048s] Level 1:colcon.colcon_core.package_identification:_identify(src/install) by extension 'ignore'
[1.048s] Level 1:colcon.colcon_core.package_identification:_identify(src/install) ignored
[1.048s] Level 1:colcon.colcon_core.package_identification:_identify(src/log) by extensions ['ignore', 'ignore_ament_install']
[1.048s] Level 1:colcon.colcon_core.package_identification:_identify(src/log) by extension 'ignore'
[1.048s] Level 1:colcon.colcon_core.package_identification:_identify(src/log) ignored
[1.048s] Level 1:colcon.colcon_core.package_identification:_identify(src/recolector_ros2) by extensions ['ignore', 'ignore_ament_install']
[1.048s] Level 1:colcon.colcon_core.package_identification:_identify(src/recolector_ros2) by extension 'ignore'
[1.049s] Level 1:colcon.colcon_core.package_identification:_identify(src/recolector_ros2) by extension 'ignore_ament_install'
[1.049s] Level 1:colcon.colcon_core.package_identification:_identify(src/recolector_ros2) by extensions ['colcon_pkg']
[1.049s] Level 1:colcon.colcon_core.package_identification:_identify(src/recolector_ros2) by extension 'colcon_pkg'
[1.049s] Level 1:colcon.colcon_core.package_identification:_identify(src/recolector_ros2) by extensions ['colcon_meta']
[1.049s] Level 1:colcon.colcon_core.package_identification:_identify(src/recolector_ros2) by extension 'colcon_meta'
[1.049s] Level 1:colcon.colcon_core.package_identification:_identify(src/recolector_ros2) by extensions ['ros']
[1.049s] Level 1:colcon.colcon_core.package_identification:_identify(src/recolector_ros2) by extension 'ros'
[1.049s] DEBUG:colcon.colcon_core.package_identification:Package 'src/recolector_ros2' with type 'ros.ament_cmake' and name 'recolector_ros2'
[1.049s] Level 1:colcon.colcon_core.package_discovery:discover_packages(recursive) using defaults
[1.049s] Level 1:colcon.colcon_core.package_discovery:discover_packages(ignore) discover
[1.049s] Level 1:colcon.colcon_core.package_discovery:discover_packages(ignore) using defaults
[1.050s] Level 1:colcon.colcon_core.package_discovery:discover_packages(path) discover
[1.050s] Level 1:colcon.colcon_core.package_discovery:discover_packages(path) using defaults
[1.136s] Level 1:colcon.colcon_core.package_discovery:discover_packages(prefix_path) check parameters
[1.136s] Level 1:colcon.colcon_core.package_discovery:discover_packages(prefix_path) discover
[1.171s] DEBUG:colcon.colcon_installed_package_information.package_discovery:Found 393 installed packages in /opt/ros/humble
[1.172s] Level 1:colcon.colcon_core.package_discovery:discover_packages(prefix_path) using defaults
[1.286s] Level 5:colcon.colcon_core.verb:set package 'ball_tracker' build argument 'cmake_args' from command line to 'None'
[1.286s] Level 5:colcon.colcon_core.verb:set package 'ball_tracker' build argument 'cmake_target' from command line to 'None'
[1.286s] Level 5:colcon.colcon_core.verb:set package 'ball_tracker' build argument 'cmake_target_skip_unavailable' from command line to 'False'
[1.286s] Level 5:colcon.colcon_core.verb:set package 'ball_tracker' build argument 'cmake_clean_cache' from command line to 'False'
[1.286s] Level 5:colcon.colcon_core.verb:set package 'ball_tracker' build argument 'cmake_clean_first' from command line to 'False'
[1.286s] Level 5:colcon.colcon_core.verb:set package 'ball_tracker' build argument 'cmake_force_configure' from command line to 'False'
[1.286s] Level 5:colcon.colcon_core.verb:set package 'ball_tracker' build argument 'ament_cmake_args' from command line to 'None'
[1.286s] Level 5:colcon.colcon_core.verb:set package 'ball_tracker' build argument 'catkin_cmake_args' from command line to 'None'
[1.286s] Level 5:colcon.colcon_core.verb:set package 'ball_tracker' build argument 'catkin_skip_building_tests' from command line to 'False'
[1.286s] DEBUG:colcon.colcon_core.verb:Building package 'ball_tracker' with the following arguments: {'ament_cmake_args': None, 'build_base': '/home/ubuntu/recolector_robot/build/ball_tracker', 'catkin_cmake_args': None, 'catkin_skip_building_tests': False, 'cmake_args': None, 'cmake_clean_cache': False, 'cmake_clean_first': False, 'cmake_force_configure': False, 'cmake_target': None, 'cmake_target_skip_unavailable': False, 'install_base': '/home/ubuntu/recolector_robot/install/ball_tracker', 'merge_install': False, 'path': '/home/ubuntu/recolector_robot/src/ball_tracker', 'symlink_install': False, 'test_result_base': None}
[1.302s] Level 5:colcon.colcon_core.verb:set package 'recolector_ros2' build argument 'cmake_args' from command line to 'None'
[1.302s] Level 5:colcon.colcon_core.verb:set package 'recolector_ros2' build argument 'cmake_target' from command line to 'None'
[1.302s] Level 5:colcon.colcon_core.verb:set package 'recolector_ros2' build argument 'cmake_target_skip_unavailable' from command line to 'False'
[1.302s] Level 5:colcon.colcon_core.verb:set package 'recolector_ros2' build argument 'cmake_clean_cache' from command line to 'False'
[1.302s] Level 5:colcon.colcon_core.verb:set package 'recolector_ros2' build argument 'cmake_clean_first' from command line to 'False'
[1.302s] Level 5:colcon.colcon_core.verb:set package 'recolector_ros2' build argument 'cmake_force_configure' from command line to 'False'
[1.302s] Level 5:colcon.colcon_core.verb:set package 'recolector_ros2' build argument 'ament_cmake_args' from command line to 'None'
[1.302s] Level 5:colcon.colcon_core.verb:set package 'recolector_ros2' build argument 'catkin_cmake_args' from command line to 'None'
[1.302s] Level 5:colcon.colcon_core.verb:set package 'recolector_ros2' build argument 'catkin_skip_building_tests' from command line to 'False'
[1.302s] DEBUG:colcon.colcon_core.verb:Building package 'recolector_ros2' with the following arguments: {'ament_cmake_args': None, 'build_base': '/home/ubuntu/recolector_robot/build/recolector_ros2', 'catkin_cmake_args': None, 'catkin_skip_building_tests': False, 'cmake_args': None, 'cmake_clean_cache': False, 'cmake_clean_first': False, 'cmake_force_configure': False, 'cmake_target': None, 'cmake_target_skip_unavailable': False, 'install_base': '/home/ubuntu/recolector_robot/install/recolector_ros2', 'merge_install': False, 'path': '/home/ubuntu/recolector_robot/src/recolector_ros2', 'symlink_install': False, 'test_result_base': None}
[1.318s] INFO:colcon.colcon_core.executor:Executing jobs using 'parallel' executor
[1.334s] DEBUG:colcon.colcon_parallel_executor.executor.parallel:run_until_complete
[1.334s] INFO:colcon.colcon_ros.task.ament_python.build:Building ROS package in '/home/ubuntu/recolector_robot/src/ball_tracker' with build type 'ament_python'
[1.334s] Level 1:colcon.colcon_core.shell:create_environment_hook('ball_tracker', 'ament_prefix_path')
[1.355s] INFO:colcon.colcon_core.plugin_system:Skipping extension 'colcon_core.shell.bat': Not used on non-Windows systems
[1.355s] INFO:colcon.colcon_core.shell:Creating environment hook '/home/ubuntu/recolector_robot/install/ball_tracker/share/ball_tracker/hook/ament_prefix_path.ps1'
[1.357s] INFO:colcon.colcon_core.shell:Creating environment descriptor '/home/ubuntu/recolector_robot/install/ball_tracker/share/ball_tracker/hook/ament_prefix_path.dsv'
[1.358s] INFO:colcon.colcon_core.shell:Creating environment hook '/home/ubuntu/recolector_robot/install/ball_tracker/share/ball_tracker/hook/ament_prefix_path.sh'
[1.379s] INFO:colcon.colcon_core.shell:Skip shell extension 'powershell' for command environment: Not usable outside of PowerShell
[1.379s] DEBUG:colcon.colcon_core.shell:Skip shell extension 'dsv' for command environment
[1.409s] INFO:colcon.colcon_ros.task.ament_cmake.build:Building ROS package in '/home/ubuntu/recolector_robot/src/recolector_ros2' with build type 'ament_cmake'
[1.409s] INFO:colcon.colcon_cmake.task.cmake.build:Building CMake package in '/home/ubuntu/recolector_robot/src/recolector_ros2'
[1.430s] INFO:colcon.colcon_core.shell:Skip shell extension 'powershell' for command environment: Not usable outside of PowerShell
[1.430s] DEBUG:colcon.colcon_core.shell:Skip shell extension 'dsv' for command environment
[1.756s] INFO:colcon.colcon_core.task.python.build:Building Python package in '/home/ubuntu/recolector_robot/src/ball_tracker'
[1.777s] INFO:colcon.colcon_core.shell:Skip shell extension 'powershell' for command environment: Not usable outside of PowerShell
[1.777s] DEBUG:colcon.colcon_core.shell:Skip shell extension 'dsv' for command environment
[1.812s] DEBUG:colcon.colcon_core.event_handler.log_command:Invoking command in '/home/ubuntu/recolector_robot/build/recolector_ros2': CMAKE_PREFIX_PATH=/opt/ros/humble /usr/bin/cmake --build /home/ubuntu/recolector_robot/build/recolector_ros2 -- -j2 -l2
[1.848s] DEBUG:colcon.colcon_core.event_handler.log_command:Invoked command in '/home/ubuntu/recolector_robot/build/recolector_ros2' returned '0': CMAKE_PREFIX_PATH=/opt/ros/humble /usr/bin/cmake --build /home/ubuntu/recolector_robot/build/recolector_ros2 -- -j2 -l2
[1.877s] DEBUG:colcon.colcon_core.event_handler.log_command:Invoking command in '/home/ubuntu/recolector_robot/build/recolector_ros2': CMAKE_PREFIX_PATH=/opt/ros/humble /usr/bin/cmake --install /home/ubuntu/recolector_robot/build/recolector_ros2
[1.899s] Level 1:colcon.colcon_core.environment:create_environment_scripts_only(recolector_ros2)
[1.910s] DEBUG:colcon.colcon_core.event_handler.log_command:Invoked command in '/home/ubuntu/recolector_robot/build/recolector_ros2' returned '0': CMAKE_PREFIX_PATH=/opt/ros/humble /usr/bin/cmake --install /home/ubuntu/recolector_robot/build/recolector_ros2
[1.917s] Level 1:colcon.colcon_core.environment:checking '/home/ubuntu/recolector_robot/install/recolector_ros2' for CMake module files
[1.918s] Level 1:colcon.colcon_core.environment:checking '/home/ubuntu/recolector_robot/install/recolector_ros2' for CMake config files
[1.918s] Level 1:colcon.colcon_core.shell:create_environment_hook('recolector_ros2', 'cmake_prefix_path')
[1.932s] INFO:colcon.colcon_core.shell:Creating environment hook '/home/ubuntu/recolector_robot/install/recolector_ros2/share/recolector_ros2/hook/cmake_prefix_path.ps1'
[1.933s] INFO:colcon.colcon_core.shell:Creating environment descriptor '/home/ubuntu/recolector_robot/install/recolector_ros2/share/recolector_ros2/hook/cmake_prefix_path.dsv'
[1.934s] INFO:colcon.colcon_core.shell:Creating environment hook '/home/ubuntu/recolector_robot/install/recolector_ros2/share/recolector_ros2/hook/cmake_prefix_path.sh'
[1.935s] Level 1:colcon.colcon_core.environment:checking '/home/ubuntu/recolector_robot/install/recolector_ros2/lib'
[1.935s] Level 1:colcon.colcon_core.environment:checking '/home/ubuntu/recolector_robot/install/recolector_ros2/bin'
[1.935s] Level 1:colcon.colcon_core.environment:checking '/home/ubuntu/recolector_robot/install/recolector_ros2/lib/pkgconfig/recolector_ros2.pc'
[1.935s] Level 1:colcon.colcon_core.environment:checking '/home/ubuntu/recolector_robot/install/recolector_ros2/lib/python3.10/site-packages'
[1.936s] Level 1:colcon.colcon_core.shell:create_environment_hook('recolector_ros2', 'pythonpath')
[1.951s] INFO:colcon.colcon_core.shell:Creating environment hook '/home/ubuntu/recolector_robot/install/recolector_ros2/share/recolector_ros2/hook/pythonpath.ps1'
[1.952s] INFO:colcon.colcon_core.shell:Creating environment descriptor '/home/ubuntu/recolector_robot/install/recolector_ros2/share/recolector_ros2/hook/pythonpath.dsv'
[1.953s] INFO:colcon.colcon_core.shell:Creating environment hook '/home/ubuntu/recolector_robot/install/recolector_ros2/share/recolector_ros2/hook/pythonpath.sh'
[1.954s] Level 1:colcon.colcon_core.environment:checking '/home/ubuntu/recolector_robot/install/recolector_ros2/bin'
[1.976s] INFO:colcon.colcon_core.shell:Creating package script '/home/ubuntu/recolector_robot/install/recolector_ros2/share/recolector_ros2/package.ps1'
[1.978s] INFO:colcon.colcon_core.shell:Creating package descriptor '/home/ubuntu/recolector_robot/install/recolector_ros2/share/recolector_ros2/package.dsv'
[1.979s] INFO:colcon.colcon_core.shell:Creating package script '/home/ubuntu/recolector_robot/install/recolector_ros2/share/recolector_ros2/package.sh'
[1.982s] INFO:colcon.colcon_core.shell:Creating package script '/home/ubuntu/recolector_robot/install/recolector_ros2/share/recolector_ros2/package.bash'
[1.983s] INFO:colcon.colcon_core.shell:Creating package script '/home/ubuntu/recolector_robot/install/recolector_ros2/share/recolector_ros2/package.zsh'
[1.984s] Level 1:colcon.colcon_core.environment:create_file_with_runtime_dependencies(/home/ubuntu/recolector_robot/install/recolector_ros2/share/colcon-core/packages/recolector_ros2)
[2.021s] Level 1:colcon.colcon_core.environment:create_environment_scripts_only(recolector_ros2)
[2.037s] Level 1:colcon.colcon_core.environment:checking '/home/ubuntu/recolector_robot/install/recolector_ros2' for CMake module files
[2.038s] Level 1:colcon.colcon_core.environment:checking '/home/ubuntu/recolector_robot/install/recolector_ros2' for CMake config files
[2.038s] Level 1:colcon.colcon_core.shell:create_environment_hook('recolector_ros2', 'cmake_prefix_path')
[2.052s] INFO:colcon.colcon_core.shell:Creating environment hook '/home/ubuntu/recolector_robot/install/recolector_ros2/share/recolector_ros2/hook/cmake_prefix_path.ps1'
[2.053s] INFO:colcon.colcon_core.shell:Creating environment descriptor '/home/ubuntu/recolector_robot/install/recolector_ros2/share/recolector_ros2/hook/cmake_prefix_path.dsv'
[2.054s] INFO:colcon.colcon_core.shell:Creating environment hook '/home/ubuntu/recolector_robot/install/recolector_ros2/share/recolector_ros2/hook/cmake_prefix_path.sh'
[2.055s] Level 1:colcon.colcon_core.environment:checking '/home/ubuntu/recolector_robot/install/recolector_ros2/lib'
[2.055s] Level 1:colcon.colcon_core.environment:checking '/home/ubuntu/recolector_robot/install/recolector_ros2/bin'
[2.055s] Level 1:colcon.colcon_core.environment:checking '/home/ubuntu/recolector_robot/install/recolector_ros2/lib/pkgconfig/recolector_ros2.pc'
[2.056s] Level 1:colcon.colcon_core.environment:checking '/home/ubuntu/recolector_robot/install/recolector_ros2/lib/python3.10/site-packages'
[2.056s] Level 1:colcon.colcon_core.shell:create_environment_hook('recolector_ros2', 'pythonpath')
[2.070s] INFO:colcon.colcon_core.shell:Creating environment hook '/home/ubuntu/recolector_robot/install/recolector_ros2/share/recolector_ros2/hook/pythonpath.ps1'
[2.071s] INFO:colcon.colcon_core.shell:Creating environment descriptor '/home/ubuntu/recolector_robot/install/recolector_ros2/share/recolector_ros2/hook/pythonpath.dsv'
[2.071s] INFO:colcon.colcon_core.shell:Creating environment hook '/home/ubuntu/recolector_robot/install/recolector_ros2/share/recolector_ros2/hook/pythonpath.sh'
[2.072s] Level 1:colcon.colcon_core.environment:checking '/home/ubuntu/recolector_robot/install/recolector_ros2/bin'
[2.088s] INFO:colcon.colcon_core.shell:Creating package script '/home/ubuntu/recolector_robot/install/recolector_ros2/share/recolector_ros2/package.ps1'
[2.090s] INFO:colcon.colcon_core.shell:Creating package descriptor '/home/ubuntu/recolector_robot/install/recolector_ros2/share/recolector_ros2/package.dsv'
[2.092s] INFO:colcon.colcon_core.shell:Creating package script '/home/ubuntu/recolector_robot/install/recolector_ros2/share/recolector_ros2/package.sh'
[2.093s] INFO:colcon.colcon_core.shell:Creating package script '/home/ubuntu/recolector_robot/install/recolector_ros2/share/recolector_ros2/package.bash'
[2.094s] INFO:colcon.colcon_core.shell:Creating package script '/home/ubuntu/recolector_robot/install/recolector_ros2/share/recolector_ros2/package.zsh'
[2.095s] Level 1:colcon.colcon_core.environment:create_file_with_runtime_dependencies(/home/ubuntu/recolector_robot/install/recolector_ros2/share/colcon-core/packages/recolector_ros2)
[2.203s] DEBUG:colcon.colcon_core.event_handler.log_command:Invoking command in '/home/ubuntu/recolector_robot/src/ball_tracker': PYTHONPATH=/home/ubuntu/recolector_robot/build/ball_tracker/prefix_override:/home/ubuntu/recolector_robot/install/ball_tracker/lib/python3.10/site-packages:${PYTHONPATH} /usr/bin/python3 setup.py egg_info --egg-base ../../build/ball_tracker build --build-base /home/ubuntu/recolector_robot/build/ball_tracker/build install --record /home/ubuntu/recolector_robot/build/ball_tracker/install.log --install-scripts $base/lib/ball_tracker --single-version-externally-managed
[2.506s] DEBUG:colcon.colcon_core.event_handler.log_command:Invoked command in '/home/ubuntu/recolector_robot/src/ball_tracker' returned '0': PYTHONPATH=/home/ubuntu/recolector_robot/build/ball_tracker/prefix_override:/home/ubuntu/recolector_robot/install/ball_tracker/lib/python3.10/site-packages:${PYTHONPATH} /usr/bin/python3 setup.py egg_info --egg-base ../../build/ball_tracker build --build-base /home/ubuntu/recolector_robot/build/ball_tracker/build install --record /home/ubuntu/recolector_robot/build/ball_tracker/install.log --install-scripts $base/lib/ball_tracker --single-version-externally-managed
[2.517s] Level 1:colcon.colcon_core.environment:checking '/home/ubuntu/recolector_robot/install/ball_tracker' for CMake module files
[2.517s] Level 1:colcon.colcon_core.environment:checking '/home/ubuntu/recolector_robot/install/ball_tracker' for CMake config files
[2.518s] Level 1:colcon.colcon_core.environment:checking '/home/ubuntu/recolector_robot/install/ball_tracker/lib'
[2.518s] Level 1:colcon.colcon_core.environment:checking '/home/ubuntu/recolector_robot/install/ball_tracker/bin'
[2.518s] Level 1:colcon.colcon_core.environment:checking '/home/ubuntu/recolector_robot/install/ball_tracker/lib/pkgconfig/ball_tracker.pc'
[2.518s] Level 1:colcon.colcon_core.environment:checking '/home/ubuntu/recolector_robot/install/ball_tracker/lib/python3.10/site-packages'
[2.518s] Level 1:colcon.colcon_core.shell:create_environment_hook('ball_tracker', 'pythonpath')
[2.533s] INFO:colcon.colcon_core.shell:Creating environment hook '/home/ubuntu/recolector_robot/install/ball_tracker/share/ball_tracker/hook/pythonpath.ps1'
[2.534s] INFO:colcon.colcon_core.shell:Creating environment descriptor '/home/ubuntu/recolector_robot/install/ball_tracker/share/ball_tracker/hook/pythonpath.dsv'
[2.534s] INFO:colcon.colcon_core.shell:Creating environment hook '/home/ubuntu/recolector_robot/install/ball_tracker/share/ball_tracker/hook/pythonpath.sh'
[2.535s] Level 1:colcon.colcon_core.environment:checking '/home/ubuntu/recolector_robot/install/ball_tracker/bin'
[2.535s] Level 1:colcon.colcon_core.environment:create_environment_scripts_only(ball_tracker)
[2.549s] INFO:colcon.colcon_core.shell:Creating package script '/home/ubuntu/recolector_robot/install/ball_tracker/share/ball_tracker/package.ps1'
[2.550s] INFO:colcon.colcon_core.shell:Creating package descriptor '/home/ubuntu/recolector_robot/install/ball_tracker/share/ball_tracker/package.dsv'
[2.551s] INFO:colcon.colcon_core.shell:Creating package script '/home/ubuntu/recolector_robot/install/ball_tracker/share/ball_tracker/package.sh'
[2.551s] INFO:colcon.colcon_core.shell:Creating package script '/home/ubuntu/recolector_robot/install/ball_tracker/share/ball_tracker/package.bash'
[2.552s] INFO:colcon.colcon_core.shell:Creating package script '/home/ubuntu/recolector_robot/install/ball_tracker/share/ball_tracker/package.zsh'
[2.552s] Level 1:colcon.colcon_core.environment:create_file_with_runtime_dependencies(/home/ubuntu/recolector_robot/install/ball_tracker/share/colcon-core/packages/ball_tracker)
[2.552s] DEBUG:colcon.colcon_parallel_executor.executor.parallel:closing loop
[2.553s] DEBUG:colcon.colcon_parallel_executor.executor.parallel:loop closed
[2.553s] DEBUG:colcon.colcon_parallel_executor.executor.parallel:run_until_complete finished with '0'
[2.553s] DEBUG:colcon.colcon_core.event_reactor:joining thread
[2.576s] INFO:colcon.colcon_core.plugin_system:Skipping extension 'colcon_notification.desktop_notification.terminal_notifier': Not used on non-Darwin systems
[2.577s] INFO:colcon.colcon_core.plugin_system:Skipping extension 'colcon_notification.desktop_notification.win32': Not used on non-Windows systems
[2.577s] INFO:colcon.colcon_notification.desktop_notification:Sending desktop notification using 'notify2'
[2.592s] DEBUG:colcon.colcon_core.event_reactor:joined thread
[2.609s] INFO:colcon.colcon_core.shell:Creating prefix script '/home/ubuntu/recolector_robot/install/local_setup.ps1'
[2.610s] INFO:colcon.colcon_core.shell:Creating prefix util module '/home/ubuntu/recolector_robot/install/_local_setup_util_ps1.py'
[2.611s] INFO:colcon.colcon_core.shell:Creating prefix chain script '/home/ubuntu/recolector_robot/install/setup.ps1'
[2.634s] INFO:colcon.colcon_core.shell:Creating prefix script '/home/ubuntu/recolector_robot/install/local_setup.sh'
[2.635s] INFO:colcon.colcon_core.shell:Creating prefix util module '/home/ubuntu/recolector_robot/install/_local_setup_util_sh.py'
[2.636s] INFO:colcon.colcon_core.shell:Creating prefix chain script '/home/ubuntu/recolector_robot/install/setup.sh'
[2.654s] INFO:colcon.colcon_core.shell:Creating prefix script '/home/ubuntu/recolector_robot/install/local_setup.bash'
[2.655s] INFO:colcon.colcon_core.shell:Creating prefix chain script '/home/ubuntu/recolector_robot/install/setup.bash'
[2.672s] INFO:colcon.colcon_core.shell:Creating prefix script '/home/ubuntu/recolector_robot/install/local_setup.zsh'
[2.673s] INFO:colcon.colcon_core.shell:Creating prefix chain script '/home/ubuntu/recolector_robot/install/setup.zsh'
