[1.346s] DEBUG:colcon:Command line arguments: ['/usr/bin/colcon', 'build']
[1.346s] DEBUG:colcon:Parsed command line arguments: Namespace(log_base=None, log_level=None, verb_name='build', build_base='build', install_base='install', merge_install=False, symlink_install=False, test_result_base=None, continue_on_error=False, executor='parallel', parallel_workers=2, event_handlers=None, ignore_user_meta=False, metas=['./colcon.meta'], base_paths=['.'], packages_ignore=None, packages_ignore_regex=None, paths=None, packages_up_to=None, packages_up_to_regex=None, packages_above=None, packages_above_and_dependencies=None, packages_above_depth=None, packages_select_by_dep=None, packages_skip_by_dep=None, packages_skip_up_to=None, packages_select_build_failed=False, packages_skip_build_finished=False, packages_select_test_failures=False, packages_skip_test_passed=False, packages_select=None, packages_skip=None, packages_select_regex=None, packages_skip_regex=None, packages_start=None, packages_end=None, allow_overriding=[], cmake_args=None, cmake_target=None, cmake_target_skip_unavailable=False, cmake_clean_cache=False, cmake_clean_first=False, cmake_force_configure=False, ament_cmake_args=None, catkin_cmake_args=None, catkin_skip_building_tests=False, verb_parser=<colcon_defaults.argument_parser.defaults.DefaultArgumentsDecorator object at 0x7fb7c381e4d0>, verb_extension=<colcon_core.verb.build.BuildVerb object at 0x7fb7c3867dc0>, main=<bound method BuildVerb.main of <colcon_core.verb.build.BuildVerb object at 0x7fb7c3867dc0>>)
[1.431s] Level 1:colcon.colcon_core.package_discovery:discover_packages(colcon_meta) check parameters
[1.431s] Level 1:colcon.colcon_core.package_discovery:discover_packages(recursive) check parameters
[1.431s] Level 1:colcon.colcon_core.package_discovery:discover_packages(ignore) check parameters
[1.431s] Level 1:colcon.colcon_core.package_discovery:discover_packages(path) check parameters
[1.431s] Level 1:colcon.colcon_core.package_discovery:discover_packages(colcon_meta) discover
[1.431s] Level 1:colcon.colcon_core.package_discovery:discover_packages(recursive) discover
[1.431s] INFO:colcon.colcon_core.package_discovery:Crawling recursively for packages in '/home/ubuntu/recolector_robot'
[1.431s] Level 1:colcon.colcon_core.package_identification:_identify(.) by extensions ['ignore', 'ignore_ament_install']
[1.431s] Level 1:colcon.colcon_core.package_identification:_identify(.) by extension 'ignore'
[1.432s] Level 1:colcon.colcon_core.package_identification:_identify(.) by extension 'ignore_ament_install'
[1.432s] Level 1:colcon.colcon_core.package_identification:_identify(.) by extensions ['colcon_pkg']
[1.432s] Level 1:colcon.colcon_core.package_identification:_identify(.) by extension 'colcon_pkg'
[1.432s] Level 1:colcon.colcon_core.package_identification:_identify(.) by extensions ['colcon_meta']
[1.432s] Level 1:colcon.colcon_core.package_identification:_identify(.) by extension 'colcon_meta'
[1.432s] Level 1:colcon.colcon_core.package_identification:_identify(.) by extensions ['ros']
[1.432s] Level 1:colcon.colcon_core.package_identification:_identify(.) by extension 'ros'
[1.448s] Level 1:colcon.colcon_core.package_identification:_identify(.) by extensions ['cmake', 'python']
[1.448s] Level 1:colcon.colcon_core.package_identification:_identify(.) by extension 'cmake'
[1.448s] Level 1:colcon.colcon_core.package_identification:_identify(.) by extension 'python'
[1.448s] Level 1:colcon.colcon_core.package_identification:_identify(.) by extensions ['python_setup_py']
[1.448s] Level 1:colcon.colcon_core.package_identification:_identify(.) by extension 'python_setup_py'
[1.448s] Level 1:colcon.colcon_core.package_identification:_identify(build) by extensions ['ignore', 'ignore_ament_install']
[1.448s] Level 1:colcon.colcon_core.package_identification:_identify(build) by extension 'ignore'
[1.448s] Level 1:colcon.colcon_core.package_identification:_identify(build) ignored
[1.448s] Level 1:colcon.colcon_core.package_identification:_identify(install) by extensions ['ignore', 'ignore_ament_install']
[1.449s] Level 1:colcon.colcon_core.package_identification:_identify(install) by extension 'ignore'
[1.449s] Level 1:colcon.colcon_core.package_identification:_identify(install) ignored
[1.449s] Level 1:colcon.colcon_core.package_identification:_identify(log) by extensions ['ignore', 'ignore_ament_install']
[1.449s] Level 1:colcon.colcon_core.package_identification:_identify(log) by extension 'ignore'
[1.449s] Level 1:colcon.colcon_core.package_identification:_identify(log) ignored
[1.450s] Level 1:colcon.colcon_core.package_identification:_identify(paredes) by extensions ['ignore', 'ignore_ament_install']
[1.450s] Level 1:colcon.colcon_core.package_identification:_identify(paredes) by extension 'ignore'
[1.451s] Level 1:colcon.colcon_core.package_identification:_identify(paredes) by extension 'ignore_ament_install'
[1.451s] Level 1:colcon.colcon_core.package_identification:_identify(paredes) by extensions ['colcon_pkg']
[1.451s] Level 1:colcon.colcon_core.package_identification:_identify(paredes) by extension 'colcon_pkg'
[1.451s] Level 1:colcon.colcon_core.package_identification:_identify(paredes) by extensions ['colcon_meta']
[1.451s] Level 1:colcon.colcon_core.package_identification:_identify(paredes) by extension 'colcon_meta'
[1.451s] Level 1:colcon.colcon_core.package_identification:_identify(paredes) by extensions ['ros']
[1.451s] Level 1:colcon.colcon_core.package_identification:_identify(paredes) by extension 'ros'
[1.451s] Level 1:colcon.colcon_core.package_identification:_identify(paredes) by extensions ['cmake', 'python']
[1.451s] Level 1:colcon.colcon_core.package_identification:_identify(paredes) by extension 'cmake'
[1.451s] Level 1:colcon.colcon_core.package_identification:_identify(paredes) by extension 'python'
[1.451s] Level 1:colcon.colcon_core.package_identification:_identify(paredes) by extensions ['python_setup_py']
[1.451s] Level 1:colcon.colcon_core.package_identification:_identify(paredes) by extension 'python_setup_py'
[1.452s] Level 1:colcon.colcon_core.package_identification:_identify(src) by extensions ['ignore', 'ignore_ament_install']
[1.452s] Level 1:colcon.colcon_core.package_identification:_identify(src) by extension 'ignore'
[1.452s] Level 1:colcon.colcon_core.package_identification:_identify(src) by extension 'ignore_ament_install'
[1.452s] Level 1:colcon.colcon_core.package_identification:_identify(src) by extensions ['colcon_pkg']
[1.452s] Level 1:colcon.colcon_core.package_identification:_identify(src) by extension 'colcon_pkg'
[1.452s] Level 1:colcon.colcon_core.package_identification:_identify(src) by extensions ['colcon_meta']
[1.452s] Level 1:colcon.colcon_core.package_identification:_identify(src) by extension 'colcon_meta'
[1.452s] Level 1:colcon.colcon_core.package_identification:_identify(src) by extensions ['ros']
[1.452s] Level 1:colcon.colcon_core.package_identification:_identify(src) by extension 'ros'
[1.453s] Level 1:colcon.colcon_core.package_identification:_identify(src) by extensions ['cmake', 'python']
[1.453s] Level 1:colcon.colcon_core.package_identification:_identify(src) by extension 'cmake'
[1.453s] Level 1:colcon.colcon_core.package_identification:_identify(src) by extension 'python'
[1.453s] Level 1:colcon.colcon_core.package_identification:_identify(src) by extensions ['python_setup_py']
[1.453s] Level 1:colcon.colcon_core.package_identification:_identify(src) by extension 'python_setup_py'
[1.453s] Level 1:colcon.colcon_core.package_identification:_identify(src/build) by extensions ['ignore', 'ignore_ament_install']
[1.453s] Level 1:colcon.colcon_core.package_identification:_identify(src/build) by extension 'ignore'
[1.453s] Level 1:colcon.colcon_core.package_identification:_identify(src/build) ignored
[1.454s] Level 1:colcon.colcon_core.package_identification:_identify(src/install) by extensions ['ignore', 'ignore_ament_install']
[1.454s] Level 1:colcon.colcon_core.package_identification:_identify(src/install) by extension 'ignore'
[1.454s] Level 1:colcon.colcon_core.package_identification:_identify(src/install) ignored
[1.454s] Level 1:colcon.colcon_core.package_identification:_identify(src/log) by extensions ['ignore', 'ignore_ament_install']
[1.455s] Level 1:colcon.colcon_core.package_identification:_identify(src/log) by extension 'ignore'
[1.455s] Level 1:colcon.colcon_core.package_identification:_identify(src/log) ignored
[1.455s] Level 1:colcon.colcon_core.package_identification:_identify(src/recolector_ros2) by extensions ['ignore', 'ignore_ament_install']
[1.455s] Level 1:colcon.colcon_core.package_identification:_identify(src/recolector_ros2) by extension 'ignore'
[1.455s] Level 1:colcon.colcon_core.package_identification:_identify(src/recolector_ros2) by extension 'ignore_ament_install'
[1.455s] Level 1:colcon.colcon_core.package_identification:_identify(src/recolector_ros2) by extensions ['colcon_pkg']
[1.455s] Level 1:colcon.colcon_core.package_identification:_identify(src/recolector_ros2) by extension 'colcon_pkg'
[1.455s] Level 1:colcon.colcon_core.package_identification:_identify(src/recolector_ros2) by extensions ['colcon_meta']
[1.455s] Level 1:colcon.colcon_core.package_identification:_identify(src/recolector_ros2) by extension 'colcon_meta'
[1.455s] Level 1:colcon.colcon_core.package_identification:_identify(src/recolector_ros2) by extensions ['ros']
[1.455s] Level 1:colcon.colcon_core.package_identification:_identify(src/recolector_ros2) by extension 'ros'
[1.459s] DEBUG:colcon.colcon_core.package_identification:Package 'src/recolector_ros2' with type 'ros.ament_cmake' and name 'recolector_ros2'
[1.459s] Level 1:colcon.colcon_core.package_discovery:discover_packages(recursive) using defaults
[1.459s] Level 1:colcon.colcon_core.package_discovery:discover_packages(ignore) discover
[1.459s] Level 1:colcon.colcon_core.package_discovery:discover_packages(ignore) using defaults
[1.459s] Level 1:colcon.colcon_core.package_discovery:discover_packages(path) discover
[1.459s] Level 1:colcon.colcon_core.package_discovery:discover_packages(path) using defaults
[1.577s] Level 1:colcon.colcon_core.package_discovery:discover_packages(prefix_path) check parameters
[1.577s] Level 1:colcon.colcon_core.package_discovery:discover_packages(prefix_path) discover
[1.616s] DEBUG:colcon.colcon_installed_package_information.package_discovery:Found 393 installed packages in /opt/ros/humble
[1.618s] Level 1:colcon.colcon_core.package_discovery:discover_packages(prefix_path) using defaults
[1.762s] Level 5:colcon.colcon_core.verb:set package 'recolector_ros2' build argument 'cmake_args' from command line to 'None'
[1.762s] Level 5:colcon.colcon_core.verb:set package 'recolector_ros2' build argument 'cmake_target' from command line to 'None'
[1.762s] Level 5:colcon.colcon_core.verb:set package 'recolector_ros2' build argument 'cmake_target_skip_unavailable' from command line to 'False'
[1.762s] Level 5:colcon.colcon_core.verb:set package 'recolector_ros2' build argument 'cmake_clean_cache' from command line to 'False'
[1.762s] Level 5:colcon.colcon_core.verb:set package 'recolector_ros2' build argument 'cmake_clean_first' from command line to 'False'
[1.762s] Level 5:colcon.colcon_core.verb:set package 'recolector_ros2' build argument 'cmake_force_configure' from command line to 'False'
[1.762s] Level 5:colcon.colcon_core.verb:set package 'recolector_ros2' build argument 'ament_cmake_args' from command line to 'None'
[1.762s] Level 5:colcon.colcon_core.verb:set package 'recolector_ros2' build argument 'catkin_cmake_args' from command line to 'None'
[1.762s] Level 5:colcon.colcon_core.verb:set package 'recolector_ros2' build argument 'catkin_skip_building_tests' from command line to 'False'
[1.762s] DEBUG:colcon.colcon_core.verb:Building package 'recolector_ros2' with the following arguments: {'ament_cmake_args': None, 'build_base': '/home/ubuntu/recolector_robot/build/recolector_ros2', 'catkin_cmake_args': None, 'catkin_skip_building_tests': False, 'cmake_args': None, 'cmake_clean_cache': False, 'cmake_clean_first': False, 'cmake_force_configure': False, 'cmake_target': None, 'cmake_target_skip_unavailable': False, 'install_base': '/home/ubuntu/recolector_robot/install/recolector_ros2', 'merge_install': False, 'path': '/home/ubuntu/recolector_robot/src/recolector_ros2', 'symlink_install': False, 'test_result_base': None}
[1.776s] INFO:colcon.colcon_core.executor:Executing jobs using 'parallel' executor
[1.793s] DEBUG:colcon.colcon_parallel_executor.executor.parallel:run_until_complete
[1.793s] INFO:colcon.colcon_ros.task.ament_cmake.build:Building ROS package in '/home/ubuntu/recolector_robot/src/recolector_ros2' with build type 'ament_cmake'
[1.793s] INFO:colcon.colcon_cmake.task.cmake.build:Building CMake package in '/home/ubuntu/recolector_robot/src/recolector_ros2'
[1.827s] INFO:colcon.colcon_core.plugin_system:Skipping extension 'colcon_core.shell.bat': Not used on non-Windows systems
[1.827s] INFO:colcon.colcon_core.shell:Skip shell extension 'powershell' for command environment: Not usable outside of PowerShell
[1.827s] DEBUG:colcon.colcon_core.shell:Skip shell extension 'dsv' for command environment
[1.875s] DEBUG:colcon.colcon_core.event_handler.log_command:Invoking command in '/home/ubuntu/recolector_robot/build/recolector_ros2': CMAKE_PREFIX_PATH=/opt/ros/humble /usr/bin/cmake --build /home/ubuntu/recolector_robot/build/recolector_ros2 -- -j2 -l2
[1.995s] DEBUG:colcon.colcon_core.event_handler.log_command:Invoked command in '/home/ubuntu/recolector_robot/build/recolector_ros2' returned '0': CMAKE_PREFIX_PATH=/opt/ros/humble /usr/bin/cmake --build /home/ubuntu/recolector_robot/build/recolector_ros2 -- -j2 -l2
[2.035s] DEBUG:colcon.colcon_core.event_handler.log_command:Invoking command in '/home/ubuntu/recolector_robot/build/recolector_ros2': CMAKE_PREFIX_PATH=/opt/ros/humble /usr/bin/cmake --install /home/ubuntu/recolector_robot/build/recolector_ros2
[2.075s] Level 1:colcon.colcon_core.environment:create_environment_scripts_only(recolector_ros2)
[2.080s] DEBUG:colcon.colcon_core.event_handler.log_command:Invoked command in '/home/ubuntu/recolector_robot/build/recolector_ros2' returned '0': CMAKE_PREFIX_PATH=/opt/ros/humble /usr/bin/cmake --install /home/ubuntu/recolector_robot/build/recolector_ros2
[2.101s] Level 1:colcon.colcon_core.environment:checking '/home/ubuntu/recolector_robot/install/recolector_ros2' for CMake module files
[2.102s] Level 1:colcon.colcon_core.environment:checking '/home/ubuntu/recolector_robot/install/recolector_ros2' for CMake config files
[2.104s] Level 1:colcon.colcon_core.shell:create_environment_hook('recolector_ros2', 'cmake_prefix_path')
[2.123s] INFO:colcon.colcon_core.shell:Creating environment hook '/home/ubuntu/recolector_robot/install/recolector_ros2/share/recolector_ros2/hook/cmake_prefix_path.ps1'
[2.126s] INFO:colcon.colcon_core.shell:Creating environment descriptor '/home/ubuntu/recolector_robot/install/recolector_ros2/share/recolector_ros2/hook/cmake_prefix_path.dsv'
[2.128s] INFO:colcon.colcon_core.shell:Creating environment hook '/home/ubuntu/recolector_robot/install/recolector_ros2/share/recolector_ros2/hook/cmake_prefix_path.sh'
[2.130s] Level 1:colcon.colcon_core.environment:checking '/home/ubuntu/recolector_robot/install/recolector_ros2/lib'
[2.130s] Level 1:colcon.colcon_core.environment:checking '/home/ubuntu/recolector_robot/install/recolector_ros2/bin'
[2.130s] Level 1:colcon.colcon_core.environment:checking '/home/ubuntu/recolector_robot/install/recolector_ros2/lib/pkgconfig/recolector_ros2.pc'
[2.130s] Level 1:colcon.colcon_core.environment:checking '/home/ubuntu/recolector_robot/install/recolector_ros2/lib/python3.10/site-packages'
[2.130s] Level 1:colcon.colcon_core.shell:create_environment_hook('recolector_ros2', 'pythonpath')
[2.147s] INFO:colcon.colcon_core.shell:Creating environment hook '/home/ubuntu/recolector_robot/install/recolector_ros2/share/recolector_ros2/hook/pythonpath.ps1'
[2.148s] INFO:colcon.colcon_core.shell:Creating environment descriptor '/home/ubuntu/recolector_robot/install/recolector_ros2/share/recolector_ros2/hook/pythonpath.dsv'
[2.148s] INFO:colcon.colcon_core.shell:Creating environment hook '/home/ubuntu/recolector_robot/install/recolector_ros2/share/recolector_ros2/hook/pythonpath.sh'
[2.149s] Level 1:colcon.colcon_core.environment:checking '/home/ubuntu/recolector_robot/install/recolector_ros2/bin'
[2.169s] INFO:colcon.colcon_core.shell:Creating package script '/home/ubuntu/recolector_robot/install/recolector_ros2/share/recolector_ros2/package.ps1'
[2.170s] INFO:colcon.colcon_core.shell:Creating package descriptor '/home/ubuntu/recolector_robot/install/recolector_ros2/share/recolector_ros2/package.dsv'
[2.171s] INFO:colcon.colcon_core.shell:Creating package script '/home/ubuntu/recolector_robot/install/recolector_ros2/share/recolector_ros2/package.sh'
[2.172s] INFO:colcon.colcon_core.shell:Creating package script '/home/ubuntu/recolector_robot/install/recolector_ros2/share/recolector_ros2/package.bash'
[2.173s] INFO:colcon.colcon_core.shell:Creating package script '/home/ubuntu/recolector_robot/install/recolector_ros2/share/recolector_ros2/package.zsh'
[2.175s] Level 1:colcon.colcon_core.environment:create_file_with_runtime_dependencies(/home/ubuntu/recolector_robot/install/recolector_ros2/share/colcon-core/packages/recolector_ros2)
[2.219s] Level 1:colcon.colcon_core.environment:create_environment_scripts_only(recolector_ros2)
[2.245s] Level 1:colcon.colcon_core.environment:checking '/home/ubuntu/recolector_robot/install/recolector_ros2' for CMake module files
[2.246s] Level 1:colcon.colcon_core.environment:checking '/home/ubuntu/recolector_robot/install/recolector_ros2' for CMake config files
[2.247s] Level 1:colcon.colcon_core.shell:create_environment_hook('recolector_ros2', 'cmake_prefix_path')
[2.263s] INFO:colcon.colcon_core.shell:Creating environment hook '/home/ubuntu/recolector_robot/install/recolector_ros2/share/recolector_ros2/hook/cmake_prefix_path.ps1'
[2.264s] INFO:colcon.colcon_core.shell:Creating environment descriptor '/home/ubuntu/recolector_robot/install/recolector_ros2/share/recolector_ros2/hook/cmake_prefix_path.dsv'
[2.264s] INFO:colcon.colcon_core.shell:Creating environment hook '/home/ubuntu/recolector_robot/install/recolector_ros2/share/recolector_ros2/hook/cmake_prefix_path.sh'
[2.265s] Level 1:colcon.colcon_core.environment:checking '/home/ubuntu/recolector_robot/install/recolector_ros2/lib'
[2.266s] Level 1:colcon.colcon_core.environment:checking '/home/ubuntu/recolector_robot/install/recolector_ros2/bin'
[2.266s] Level 1:colcon.colcon_core.environment:checking '/home/ubuntu/recolector_robot/install/recolector_ros2/lib/pkgconfig/recolector_ros2.pc'
[2.266s] Level 1:colcon.colcon_core.environment:checking '/home/ubuntu/recolector_robot/install/recolector_ros2/lib/python3.10/site-packages'
[2.266s] Level 1:colcon.colcon_core.shell:create_environment_hook('recolector_ros2', 'pythonpath')
[2.288s] INFO:colcon.colcon_core.shell:Creating environment hook '/home/ubuntu/recolector_robot/install/recolector_ros2/share/recolector_ros2/hook/pythonpath.ps1'
[2.288s] INFO:colcon.colcon_core.shell:Creating environment descriptor '/home/ubuntu/recolector_robot/install/recolector_ros2/share/recolector_ros2/hook/pythonpath.dsv'
[2.289s] INFO:colcon.colcon_core.shell:Creating environment hook '/home/ubuntu/recolector_robot/install/recolector_ros2/share/recolector_ros2/hook/pythonpath.sh'
[2.289s] Level 1:colcon.colcon_core.environment:checking '/home/ubuntu/recolector_robot/install/recolector_ros2/bin'
[2.307s] INFO:colcon.colcon_core.shell:Creating package script '/home/ubuntu/recolector_robot/install/recolector_ros2/share/recolector_ros2/package.ps1'
[2.308s] INFO:colcon.colcon_core.shell:Creating package descriptor '/home/ubuntu/recolector_robot/install/recolector_ros2/share/recolector_ros2/package.dsv'
[2.308s] INFO:colcon.colcon_core.shell:Creating package script '/home/ubuntu/recolector_robot/install/recolector_ros2/share/recolector_ros2/package.sh'
[2.309s] INFO:colcon.colcon_core.shell:Creating package script '/home/ubuntu/recolector_robot/install/recolector_ros2/share/recolector_ros2/package.bash'
[2.309s] INFO:colcon.colcon_core.shell:Creating package script '/home/ubuntu/recolector_robot/install/recolector_ros2/share/recolector_ros2/package.zsh'
[2.310s] Level 1:colcon.colcon_core.environment:create_file_with_runtime_dependencies(/home/ubuntu/recolector_robot/install/recolector_ros2/share/colcon-core/packages/recolector_ros2)
[2.310s] DEBUG:colcon.colcon_parallel_executor.executor.parallel:closing loop
[2.310s] DEBUG:colcon.colcon_parallel_executor.executor.parallel:loop closed
[2.310s] DEBUG:colcon.colcon_parallel_executor.executor.parallel:run_until_complete finished with '0'
[2.310s] DEBUG:colcon.colcon_core.event_reactor:joining thread
[2.356s] INFO:colcon.colcon_core.plugin_system:Skipping extension 'colcon_notification.desktop_notification.terminal_notifier': Not used on non-Darwin systems
[2.356s] INFO:colcon.colcon_core.plugin_system:Skipping extension 'colcon_notification.desktop_notification.win32': Not used on non-Windows systems
[2.356s] INFO:colcon.colcon_notification.desktop_notification:Sending desktop notification using 'notify2'
[2.383s] DEBUG:colcon.colcon_core.event_reactor:joined thread
[2.410s] INFO:colcon.colcon_core.shell:Creating prefix script '/home/ubuntu/recolector_robot/install/local_setup.ps1'
[2.412s] INFO:colcon.colcon_core.shell:Creating prefix util module '/home/ubuntu/recolector_robot/install/_local_setup_util_ps1.py'
[2.414s] INFO:colcon.colcon_core.shell:Creating prefix chain script '/home/ubuntu/recolector_robot/install/setup.ps1'
[2.441s] INFO:colcon.colcon_core.shell:Creating prefix script '/home/ubuntu/recolector_robot/install/local_setup.sh'
[2.442s] INFO:colcon.colcon_core.shell:Creating prefix util module '/home/ubuntu/recolector_robot/install/_local_setup_util_sh.py'
[2.443s] INFO:colcon.colcon_core.shell:Creating prefix chain script '/home/ubuntu/recolector_robot/install/setup.sh'
[2.471s] INFO:colcon.colcon_core.shell:Creating prefix script '/home/ubuntu/recolector_robot/install/local_setup.bash'
[2.473s] INFO:colcon.colcon_core.shell:Creating prefix chain script '/home/ubuntu/recolector_robot/install/setup.bash'
[2.495s] INFO:colcon.colcon_core.shell:Creating prefix script '/home/ubuntu/recolector_robot/install/local_setup.zsh'
[2.497s] INFO:colcon.colcon_core.shell:Creating prefix chain script '/home/ubuntu/recolector_robot/install/setup.zsh'
