[0.802s] Invoking command in '/home/ubuntu/recolector_robot/src/ball_tracker': PYTHONPATH=/home/ubuntu/recolector_robot/build/ball_tracker/prefix_override:/home/ubuntu/recolector_robot/install/ball_tracker/lib/python3.10/site-packages:${PYTHONPATH} /usr/bin/python3 setup.py egg_info --egg-base ../../build/ball_tracker build --build-base /home/ubuntu/recolector_robot/build/ball_tracker/build install --record /home/ubuntu/recolector_robot/build/ball_tracker/install.log --install-scripts $base/lib/ball_tracker --single-version-externally-managed
[1.012s] /usr/lib/python3/dist-packages/setuptools/dist.py:723: UserWarning: Usage of dash-separated 'script-dir' will not be supported in future versions. Please use the underscore name 'script_dir' instead
[1.012s]   warnings.warn(
[1.019s] running egg_info
[1.020s] writing ../../build/ball_tracker/ball_tracker.egg-info/PKG-INFO
[1.021s] writing dependency_links to ../../build/ball_tracker/ball_tracker.egg-info/dependency_links.txt
[1.021s] writing entry points to ../../build/ball_tracker/ball_tracker.egg-info/entry_points.txt
[1.022s] writing requirements to ../../build/ball_tracker/ball_tracker.egg-info/requires.txt
[1.022s] writing top-level names to ../../build/ball_tracker/ball_tracker.egg-info/top_level.txt
[1.024s] reading manifest file '../../build/ball_tracker/ball_tracker.egg-info/SOURCES.txt'
[1.025s] writing manifest file '../../build/ball_tracker/ball_tracker.egg-info/SOURCES.txt'
[1.025s] running build
[1.026s] running build_py
[1.026s] running install
[1.027s] /usr/lib/python3/dist-packages/setuptools/command/install.py:34: SetuptoolsDeprecationWarning: setup.py install is deprecated. Use build and pip and other standards-based tools.
[1.027s]   warnings.warn(
[1.027s] running install_lib
[1.028s] running install_data
[1.029s] running install_egg_info
[1.031s] removing '/home/ubuntu/recolector_robot/install/ball_tracker/lib/python3.10/site-packages/ball_tracker-0.0.0-py3.10.egg-info' (and everything under it)
[1.038s] Copying ../../build/ball_tracker/ball_tracker.egg-info to /home/ubuntu/recolector_robot/install/ball_tracker/lib/python3.10/site-packages/ball_tracker-0.0.0-py3.10.egg-info
[1.039s] running install_scripts
[1.057s] Installing detect_ball script to /home/ubuntu/recolector_robot/install/ball_tracker/lib/ball_tracker
[1.057s] Installing detect_ball_3d script to /home/ubuntu/recolector_robot/install/ball_tracker/lib/ball_tracker
[1.058s] Installing follow_ball script to /home/ubuntu/recolector_robot/install/ball_tracker/lib/ball_tracker
[1.058s] writing list of installed files to '/home/ubuntu/recolector_robot/build/ball_tracker/install.log'
[1.081s] Invoked command in '/home/ubuntu/recolector_robot/src/ball_tracker' returned '0': PYTHONPATH=/home/ubuntu/recolector_robot/build/ball_tracker/prefix_override:/home/ubuntu/recolector_robot/install/ball_tracker/lib/python3.10/site-packages:${PYTHONPATH} /usr/bin/python3 setup.py egg_info --egg-base ../../build/ball_tracker build --build-base /home/ubuntu/recolector_robot/build/ball_tracker/build install --record /home/ubuntu/recolector_robot/build/ball_tracker/install.log --install-scripts $base/lib/ball_tracker --single-version-externally-managed
