/home/ubuntu/recolector_robot/install/recolector_ros2/lib/python3.10/site-packages/recolector_ros2/__init__.py
/home/ubuntu/recolector_robot/install/recolector_ros2/lib/python3.10/site-packages/recolector_ros2/__pycache__/__init__.cpython-310.pyc
/home/ubuntu/recolector_robot/install/recolector_ros2/share/ament_index/resource_index/packages/recolector_ros2
/home/ubuntu/recolector_robot/install/recolector_ros2/share/recolector_ros2/package.xml
/home/ubuntu/recolector_robot/install/recolector_ros2/share/recolector_ros2/urdf/recolector_v8.urdf
/home/ubuntu/recolector_robot/install/recolector_ros2/share/recolector_ros2/launch/display.launch.py
/home/ubuntu/recolector_robot/install/recolector_ros2/share/recolector_ros2/launch/online_async_launch.py
/home/ubuntu/recolector_robot/install/recolector_ros2/share/recolector_ros2/launch/gazebo.launch.py
/home/ubuntu/recolector_robot/install/recolector_ros2/share/recolector_ros2/meshes/base_link.STL
/home/ubuntu/recolector_robot/install/recolector_ros2/share/recolector_ros2/meshes/rueda_izquiera_link.STL
/home/ubuntu/recolector_robot/install/recolector_ros2/share/recolector_ros2/meshes/base_castor_link.STL
/home/ubuntu/recolector_robot/install/recolector_ros2/share/recolector_ros2/meshes/rueda_castor_link.STL
/home/ubuntu/recolector_robot/install/recolector_ros2/share/recolector_ros2/meshes/rueda_derecha_link.STL
/home/ubuntu/recolector_robot/install/recolector_ros2/lib/python3.10/site-packages/recolector_ros2-0.0.0-py3.10.egg-info/SOURCES.txt
/home/ubuntu/recolector_robot/install/recolector_ros2/lib/python3.10/site-packages/recolector_ros2-0.0.0-py3.10.egg-info/dependency_links.txt
/home/ubuntu/recolector_robot/install/recolector_ros2/lib/python3.10/site-packages/recolector_ros2-0.0.0-py3.10.egg-info/top_level.txt
/home/ubuntu/recolector_robot/install/recolector_ros2/lib/python3.10/site-packages/recolector_ros2-0.0.0-py3.10.egg-info/PKG-INFO
/home/ubuntu/recolector_robot/install/recolector_ros2/lib/python3.10/site-packages/recolector_ros2-0.0.0-py3.10.egg-info/zip-safe
/home/ubuntu/recolector_robot/install/recolector_ros2/lib/python3.10/site-packages/recolector_ros2-0.0.0-py3.10.egg-info/entry_points.txt
/home/ubuntu/recolector_robot/install/recolector_ros2/lib/python3.10/site-packages/recolector_ros2-0.0.0-py3.10.egg-info/requires.txt
